<?xml version="1.0" encoding="UTF-8"?>
<coverage generated="1787401872601" clover="3.2.0">
  <project timestamp="1787401872601" name="All files">
    <metrics statements="754" coveredstatements="688" conditionals="236" coveredconditionals="192" methods="56" coveredmethods="43" elements="1046" coveredelements="923" complexity="0" loc="754" ncloc="754" packages="6" files="18" classes="18"/>
    <package name="src">
      <metrics statements="100" coveredstatements="88" conditionals="24" coveredconditionals="23" methods="6" coveredmethods="3"/>
      <file name="App.tsx" path="C:\Data\Own\OwnProjects\Regex\regex-matching\frontend\src\App.tsx">
        <metrics statements="100" coveredstatements="88" conditionals="24" coveredconditionals="23" methods="6" coveredmethods="3"/>
        <line num="1" count="1" type="stmt"/>
        <line num="12" count="18" type="cond" truecount="1" falsecount="0"/>
        <line num="13" count="18" type="stmt"/>
        <line num="14" count="18" type="stmt"/>
        <line num="15" count="18" type="stmt"/>
        <line num="16" count="18" type="stmt"/>
        <line num="17" count="18" type="stmt"/>
        <line num="18" count="18" type="stmt"/>
        <line num="19" count="18" type="stmt"/>
        <line num="21" count="18" type="stmt"/>
        <line num="23" count="18" type="cond" truecount="1" falsecount="0"/>
        <line num="24" count="3" type="stmt"/>
        <line num="25" count="3" type="stmt"/>
        <line num="26" count="3" type="cond" truecount="1" falsecount="0"/>
        <line num="27" count="3" type="cond" truecount="1" falsecount="0"/>
        <line num="28" count="18" type="stmt"/>
        <line num="31" count="18" type="cond" truecount="1" falsecount="0"/>
        <line num="32" count="5" type="cond" truecount="4" falsecount="0"/>
        <line num="33" count="1" type="cond" truecount="1" falsecount="0"/>
        <line num="34" count="1" type="stmt"/>
        <line num="35" count="1" type="stmt"/>
        <line num="36" count="18" type="cond" truecount="1" falsecount="0"/>
        <line num="38" count="18" type="cond" truecount="1" falsecount="0"/>
        <line num="39" count="2" type="stmt"/>
        <line num="40" count="2" type="stmt"/>
        <line num="41" count="2" type="stmt"/>
        <line num="42" count="2" type="cond" truecount="1" falsecount="0"/>
        <line num="43" count="1" type="stmt"/>
        <line num="44" count="1" type="cond" truecount="1" falsecount="0"/>
        <line num="45" count="1" type="stmt"/>
        <line num="46" count="1" type="cond" truecount="0" falsecount="1"/>
        <line num="47" count="2" type="stmt"/>
        <line num="48" count="2" type="stmt"/>
        <line num="49" count="2" type="stmt"/>
        <line num="50" count="2" type="stmt"/>
        <line num="52" count="18" type="stmt"/>
        <line num="53" count="0" type="stmt"/>
        <line num="54" count="0" type="stmt"/>
        <line num="55" count="0" type="stmt"/>
        <line num="56" count="0" type="stmt"/>
        <line num="57" count="0" type="stmt"/>
        <line num="58" count="0" type="stmt"/>
        <line num="59" count="0" type="stmt"/>
        <line num="60" count="0" type="stmt"/>
        <line num="61" count="0" type="stmt"/>
        <line num="63" count="18" type="stmt"/>
        <line num="64" count="18" type="stmt"/>
        <line num="65" count="18" type="stmt"/>
        <line num="66" count="18" type="stmt"/>
        <line num="67" count="18" type="stmt"/>
        <line num="68" count="18" type="stmt"/>
        <line num="71" count="18" type="stmt"/>
        <line num="72" count="18" type="stmt"/>
        <line num="73" count="18" type="stmt"/>
        <line num="74" count="18" type="stmt"/>
        <line num="75" count="18" type="stmt"/>
        <line num="77" count="18" type="stmt"/>
        <line num="78" count="18" type="stmt"/>
        <line num="80" count="18" type="stmt"/>
        <line num="81" count="18" type="stmt"/>
        <line num="82" count="18" type="stmt"/>
        <line num="84" count="18" type="stmt"/>
        <line num="85" count="18" type="stmt"/>
        <line num="86" count="18" type="stmt"/>
        <line num="87" count="18" type="stmt"/>
        <line num="88" count="18" type="cond" truecount="2" falsecount="0"/>
        <line num="89" count="18" type="cond" truecount="1" falsecount="0"/>
        <line num="90" count="2" type="stmt"/>
        <line num="91" count="2" type="stmt"/>
        <line num="92" count="2" type="stmt"/>
        <line num="93" count="2" type="stmt"/>
        <line num="94" count="18" type="stmt"/>
        <line num="95" count="18" type="stmt"/>
        <line num="97" count="18" type="cond" truecount="1" falsecount="0"/>
        <line num="98" count="10" type="stmt"/>
        <line num="99" count="10" type="cond" truecount="1" falsecount="0"/>
        <line num="100" count="10" type="stmt"/>
        <line num="101" count="10" type="stmt"/>
        <line num="104" count="18" type="cond" truecount="2" falsecount="0"/>
        <line num="105" count="4" type="stmt"/>
        <line num="106" count="4" type="stmt"/>
        <line num="107" count="4" type="stmt"/>
        <line num="110" count="18" type="cond" truecount="2" falsecount="0"/>
        <line num="111" count="2" type="stmt"/>
        <line num="112" count="2" type="stmt"/>
        <line num="113" count="2" type="stmt"/>
        <line num="115" count="18" type="stmt"/>
        <line num="117" count="18" type="stmt"/>
        <line num="118" count="18" type="stmt"/>
        <line num="119" count="18" type="stmt"/>
        <line num="120" count="18" type="stmt"/>
        <line num="121" count="0" type="stmt"/>
        <line num="122" count="0" type="stmt"/>
        <line num="123" count="0" type="stmt"/>
        <line num="124" count="18" type="stmt"/>
        <line num="125" count="18" type="stmt"/>
        <line num="127" count="18" type="stmt"/>
        <line num="130" count="18" type="stmt"/>
        <line num="131" count="18" type="stmt"/>
        <line num="133" count="18" type="stmt"/>
      </file>
    </package>
    <package name="src.api">
      <metrics statements="69" coveredstatements="66" conditionals="26" coveredconditionals="20" methods="15" coveredmethods="9"/>
      <file name="client.ts" path="C:\Data\Own\OwnProjects\Regex\regex-matching\frontend\src\api\client.ts">
        <metrics statements="69" coveredstatements="66" conditionals="25" coveredconditionals="19" methods="14" coveredmethods="8"/>
        <line num="12" count="1" type="stmt"/>
        <line num="15" count="1" type="stmt"/>
        <line num="20" count="1" type="cond" truecount="1" falsecount="0"/>
        <line num="21" count="10" type="stmt"/>
        <line num="22" count="10" type="stmt"/>
        <line num="23" count="10" type="stmt"/>
        <line num="24" count="10" type="stmt"/>
        <line num="25" count="10" type="stmt"/>
        <line num="26" count="10" type="stmt"/>
        <line num="27" count="1" type="stmt"/>
        <line num="29" count="5" type="cond" truecount="1" falsecount="0"/>
        <line num="30" count="5" type="stmt"/>
        <line num="31" count="5" type="stmt"/>
        <line num="32" count="5" type="stmt"/>
        <line num="33" count="5" type="stmt"/>
        <line num="34" count="5" type="stmt"/>
        <line num="35" count="5" type="cond" truecount="1" falsecount="0"/>
        <line num="36" count="5" type="cond" truecount="1" falsecount="0"/>
        <line num="38" count="1" type="cond" truecount="0" falsecount="2"/>
        <line num="39" count="1" type="stmt"/>
        <line num="40" count="1" type="cond" truecount="1" falsecount="0"/>
        <line num="42" count="5" type="cond" truecount="1" falsecount="0"/>
        <line num="43" count="1" type="stmt"/>
        <line num="44" count="1" type="cond" truecount="1" falsecount="0"/>
        <line num="46" count="3" type="stmt"/>
        <line num="47" count="5" type="cond" truecount="0" falsecount="1"/>
        <line num="49" count="5" type="cond" truecount="1" falsecount="0"/>
        <line num="50" count="2" type="stmt"/>
        <line num="51" count="2" type="stmt"/>
        <line num="52" count="2" type="stmt"/>
        <line num="53" count="2" type="cond" truecount="0" falsecount="1"/>
        <line num="54" count="2" type="cond" truecount="0" falsecount="1"/>
        <line num="55" count="2" type="stmt"/>
        <line num="56" count="2" type="stmt"/>
        <line num="57" count="2" type="cond" truecount="1" falsecount="0"/>
        <line num="58" count="1" type="stmt"/>
        <line num="59" count="1" type="stmt"/>
        <line num="61" count="3" type="cond" truecount="1" falsecount="0"/>
        <line num="62" count="3" type="stmt"/>
        <line num="63" count="3" type="stmt"/>
        <line num="64" count="3" type="cond" truecount="1" falsecount="0"/>
        <line num="65" count="1" type="stmt"/>
        <line num="66" count="1" type="stmt"/>
        <line num="67" count="3" type="stmt"/>
        <line num="69" count="1" type="cond" truecount="1" falsecount="0"/>
        <line num="70" count="1" type="stmt"/>
        <line num="71" count="1" type="cond" truecount="1" falsecount="0"/>
        <line num="72" count="2" type="cond" truecount="2" falsecount="0"/>
        <line num="73" count="1" type="stmt"/>
        <line num="74" count="1" type="stmt"/>
        <line num="75" count="1" type="cond" truecount="0" falsecount="1"/>
        <line num="76" count="1" type="stmt"/>
        <line num="80" count="1" type="stmt"/>
        <line num="81" count="1" type="cond" truecount="1" falsecount="0"/>
        <line num="83" count="1" type="stmt"/>
        <line num="85" count="1" type="stmt"/>
        <line num="87" count="1" type="stmt"/>
        <line num="88" count="0" type="stmt"/>
        <line num="90" count="1" type="cond" truecount="1" falsecount="0"/>
        <line num="91" count="1" type="stmt"/>
        <line num="93" count="1" type="cond" truecount="1" falsecount="0"/>
        <line num="94" count="1" type="stmt"/>
        <line num="96" count="1" type="stmt"/>
        <line num="98" count="1" type="stmt"/>
        <line num="99" count="0" type="stmt"/>
        <line num="101" count="1" type="cond" truecount="1" falsecount="0"/>
        <line num="103" count="1" type="stmt"/>
        <line num="104" count="0" type="stmt"/>
        <line num="105" count="1" type="stmt"/>
      </file>
      <file name="types.ts" path="C:\Data\Own\OwnProjects\Regex\regex-matching\frontend\src\api\types.ts">
        <metrics statements="0" coveredstatements="0" conditionals="1" coveredconditionals="1" methods="1" coveredmethods="1"/>
      </file>
    </package>
    <package name="src.components">
      <metrics statements="444" coveredstatements="393" conditionals="138" coveredconditionals="107" methods="26" coveredmethods="22"/>
      <file name="FileBrowser.tsx" path="C:\Data\Own\OwnProjects\Regex\regex-matching\frontend\src\components\FileBrowser.tsx">
        <metrics statements="54" coveredstatements="50" conditionals="21" coveredconditionals="16" methods="3" coveredmethods="3"/>
        <line num="1" count="1" type="stmt"/>
        <line num="12" count="1" type="stmt"/>
        <line num="13" count="1" type="stmt"/>
        <line num="14" count="1" type="stmt"/>
        <line num="15" count="1" type="stmt"/>
        <line num="16" count="1" type="stmt"/>
        <line num="17" count="1" type="stmt"/>
        <line num="18" count="1" type="stmt"/>
        <line num="20" count="1" type="cond" truecount="1" falsecount="0"/>
        <line num="21" count="18" type="stmt"/>
        <line num="22" count="18" type="cond" truecount="1" falsecount="0"/>
        <line num="23" count="18" type="stmt"/>
        <line num="24" count="18" type="stmt"/>
        <line num="25" count="18" type="stmt"/>
        <line num="27" count="18" type="cond" truecount="2" falsecount="0"/>
        <line num="28" count="18" type="cond" truecount="2" falsecount="0"/>
        <line num="30" count="18" type="stmt"/>
        <line num="31" count="18" type="stmt"/>
        <line num="32" count="18" type="stmt"/>
        <line num="33" count="18" type="stmt"/>
        <line num="34" count="18" type="cond" truecount="1" falsecount="0"/>
        <line num="35" count="15" type="stmt"/>
        <line num="36" count="15" type="cond" truecount="0" falsecount="1"/>
        <line num="37" count="15" type="cond" truecount="1" falsecount="0"/>
        <line num="39" count="3" type="stmt"/>
        <line num="41" count="18" type="stmt"/>
        <line num="42" count="18" type="stmt"/>
        <line num="44" count="18" type="stmt"/>
        <line num="45" count="18" type="stmt"/>
        <line num="47" count="18" type="cond" truecount="0" falsecount="1"/>
        <line num="48" count="18" type="cond" truecount="1" falsecount="0"/>
        <line num="50" count="18" type="cond" truecount="2" falsecount="1"/>
        <line num="51" count="0" type="stmt"/>
        <line num="52" count="0" type="stmt"/>
        <line num="54" count="0" type="stmt"/>
        <line num="57" count="18" type="cond" truecount="1" falsecount="0"/>
        <line num="58" count="15" type="stmt"/>
        <line num="59" count="15" type="cond" truecount="1" falsecount="0"/>
        <line num="60" count="15" type="stmt"/>
        <line num="61" count="15" type="stmt"/>
        <line num="62" count="15" type="stmt"/>
        <line num="63" count="15" type="cond" truecount="2" falsecount="0"/>
        <line num="64" count="15" type="cond" truecount="1" falsecount="0"/>
        <line num="66" count="15" type="cond" truecount="0" falsecount="1"/>
        <line num="67" count="15" type="stmt"/>
        <line num="68" count="15" type="stmt"/>
        <line num="69" count="15" type="cond" truecount="0" falsecount="1"/>
        <line num="70" count="0" type="stmt"/>
        <line num="72" count="15" type="stmt"/>
        <line num="73" count="15" type="stmt"/>
        <line num="74" count="15" type="stmt"/>
        <line num="75" count="15" type="stmt"/>
        <line num="77" count="18" type="stmt"/>
        <line num="79" count="18" type="stmt"/>
      </file>
      <file name="JobForm.tsx" path="C:\Data\Own\OwnProjects\Regex\regex-matching\frontend\src\components\JobForm.tsx">
        <metrics statements="171" coveredstatements="158" conditionals="60" coveredconditionals="51" methods="12" coveredmethods="10"/>
        <line num="1" count="1" type="stmt"/>
        <line num="13" count="1" type="stmt"/>
        <line num="14" count="1" type="stmt"/>
        <line num="15" count="1" type="stmt"/>
        <line num="16" count="1" type="stmt"/>
        <line num="17" count="1" type="stmt"/>
        <line num="18" count="1" type="stmt"/>
        <line num="20" count="1" type="stmt"/>
        <line num="21" count="1" type="stmt"/>
        <line num="22" count="1" type="stmt"/>
        <line num="25" count="1" type="stmt"/>
        <line num="27" count="1" type="cond" truecount="1" falsecount="0"/>
        <line num="28" count="106" type="stmt"/>
        <line num="29" count="106" type="stmt"/>
        <line num="30" count="106" type="stmt"/>
        <line num="31" count="106" type="stmt"/>
        <line num="32" count="106" type="stmt"/>
        <line num="33" count="106" type="stmt"/>
        <line num="37" count="106" type="cond" truecount="1" falsecount="0"/>
        <line num="38" count="106" type="stmt"/>
        <line num="39" count="106" type="stmt"/>
        <line num="40" count="106" type="stmt"/>
        <line num="41" count="106" type="cond" truecount="1" falsecount="0"/>
        <line num="42" count="106" type="stmt"/>
        <line num="43" count="106" type="stmt"/>
        <line num="44" count="106" type="stmt"/>
        <line num="46" count="106" type="cond" truecount="2" falsecount="0"/>
        <line num="47" count="106" type="stmt"/>
        <line num="50" count="106" type="cond" truecount="1" falsecount="0"/>
        <line num="51" count="13" type="cond" truecount="3" falsecount="0"/>
        <line num="52" count="6" type="cond" truecount="1" falsecount="0"/>
        <line num="53" count="13" type="cond" truecount="0" falsecount="1"/>
        <line num="54" count="106" type="stmt"/>
        <line num="56" count="106" type="stmt"/>
        <line num="57" count="106" type="cond" truecount="2" falsecount="0"/>
        <line num="58" count="106" type="stmt"/>
        <line num="59" count="106" type="stmt"/>
        <line num="61" count="106" type="cond" truecount="2" falsecount="0"/>
        <line num="62" count="106" type="cond" truecount="4" falsecount="0"/>
        <line num="64" count="106" type="cond" truecount="1" falsecount="0"/>
        <line num="65" count="2" type="cond" truecount="1" falsecount="0"/>
        <line num="66" count="2" type="cond" truecount="3" falsecount="0"/>
        <line num="67" count="2" type="stmt"/>
        <line num="68" count="2" type="stmt"/>
        <line num="70" count="106" type="cond" truecount="1" falsecount="0"/>
        <line num="71" count="4" type="stmt"/>
        <line num="72" count="4" type="stmt"/>
        <line num="73" count="4" type="stmt"/>
        <line num="74" count="4" type="stmt"/>
        <line num="75" count="4" type="stmt"/>
        <line num="76" count="4" type="cond" truecount="2" falsecount="0"/>
        <line num="77" count="4" type="stmt"/>
        <line num="78" count="4" type="stmt"/>
        <line num="79" count="4" type="stmt"/>
        <line num="80" count="4" type="stmt"/>
        <line num="82" count="106" type="cond" truecount="3" falsecount="0"/>
        <line num="83" count="106" type="cond" truecount="2" falsecount="0"/>
        <line num="84" count="106" type="cond" truecount="1" falsecount="1"/>
        <line num="86" count="97" type="stmt"/>
        <line num="87" count="97" type="stmt"/>
        <line num="88" count="106" type="cond" truecount="0" falsecount="2"/>
        <line num="89" count="0" type="stmt"/>
        <line num="90" count="0" type="stmt"/>
        <line num="91" count="0" type="stmt"/>
        <line num="92" count="0" type="stmt"/>
        <line num="93" count="0" type="stmt"/>
        <line num="94" count="0" type="stmt"/>
        <line num="95" count="0" type="stmt"/>
        <line num="96" count="0" type="stmt"/>
        <line num="97" count="0" type="stmt"/>
        <line num="98" count="0" type="stmt"/>
        <line num="99" count="0" type="stmt"/>
        <line num="102" count="106" type="stmt"/>
        <line num="103" count="106" type="stmt"/>
        <line num="104" count="106" type="stmt"/>
        <line num="105" count="106" type="stmt"/>
        <line num="106" count="106" type="stmt"/>
        <line num="107" count="106" type="stmt"/>
        <line num="108" count="106" type="cond" truecount="1" falsecount="0"/>
        <line num="109" count="291" type="stmt"/>
        <line num="110" count="106" type="stmt"/>
        <line num="111" count="106" type="stmt"/>
        <line num="112" count="106" type="stmt"/>
        <line num="113" count="106" type="stmt"/>
        <line num="114" count="106" type="cond" truecount="1" falsecount="0"/>
        <line num="115" count="194" type="stmt"/>
        <line num="116" count="194" type="cond" truecount="1" falsecount="0"/>
        <line num="117" count="582" type="cond" truecount="0" falsecount="1"/>
        <line num="118" count="194" type="stmt"/>
        <line num="119" count="194" type="stmt"/>
        <line num="120" count="106" type="stmt"/>
        <line num="121" count="106" type="stmt"/>
        <line num="122" count="106" type="stmt"/>
        <line num="123" count="106" type="stmt"/>
        <line num="124" count="106" type="cond" truecount="0" falsecount="1"/>
        <line num="125" count="106" type="stmt"/>
        <line num="127" count="106" type="stmt"/>
        <line num="128" count="106" type="stmt"/>
        <line num="129" count="106" type="stmt"/>
        <line num="130" count="106" type="cond" truecount="1" falsecount="0"/>
        <line num="131" count="291" type="stmt"/>
        <line num="132" count="291" type="stmt"/>
        <line num="133" count="291" type="stmt"/>
        <line num="134" count="291" type="cond" truecount="2" falsecount="0"/>
        <line num="135" count="291" type="cond" truecount="1" falsecount="0"/>
        <line num="137" count="291" type="stmt"/>
        <line num="138" count="291" type="stmt"/>
        <line num="139" count="106" type="stmt"/>
        <line num="140" count="106" type="stmt"/>
        <line num="141" count="106" type="stmt"/>
        <line num="143" count="106" type="stmt"/>
        <line num="144" count="106" type="stmt"/>
        <line num="145" count="106" type="stmt"/>
        <line num="146" count="106" type="stmt"/>
        <line num="147" count="106" type="cond" truecount="1" falsecount="0"/>
        <line num="149" count="106" type="cond" truecount="2" falsecount="1"/>
        <line num="150" count="388" type="stmt"/>
        <line num="151" count="388" type="stmt"/>
        <line num="152" count="388" type="stmt"/>
        <line num="153" count="106" type="stmt"/>
        <line num="154" count="106" type="stmt"/>
        <line num="155" count="106" type="stmt"/>
        <line num="157" count="106" type="stmt"/>
        <line num="158" count="106" type="stmt"/>
        <line num="159" count="106" type="stmt"/>
        <line num="160" count="106" type="stmt"/>
        <line num="161" count="106" type="stmt"/>
        <line num="162" count="106" type="stmt"/>
        <line num="163" count="106" type="cond" truecount="1" falsecount="0"/>
        <line num="164" count="106" type="stmt"/>
        <line num="165" count="106" type="stmt"/>
        <line num="167" count="106" type="stmt"/>
        <line num="168" count="106" type="stmt"/>
        <line num="170" count="106" type="cond" truecount="1" falsecount="0"/>
        <line num="171" count="85" type="stmt"/>
        <line num="172" count="85" type="stmt"/>
        <line num="173" count="85" type="stmt"/>
        <line num="174" count="85" type="stmt"/>
        <line num="175" count="85" type="stmt"/>
        <line num="176" count="85" type="cond" truecount="1" falsecount="0"/>
        <line num="177" count="85" type="stmt"/>
        <line num="178" count="85" type="stmt"/>
        <line num="179" count="85" type="stmt"/>
        <line num="182" count="106" type="cond" truecount="1" falsecount="0"/>
        <line num="183" count="12" type="stmt"/>
        <line num="184" count="12" type="stmt"/>
        <line num="186" count="12" type="stmt"/>
        <line num="188" count="106" type="cond" truecount="0" falsecount="1"/>
        <line num="189" count="0" type="stmt"/>
        <line num="191" count="106" type="cond" truecount="0" falsecount="1"/>
        <line num="192" count="0" type="stmt"/>
        <line num="195" count="106" type="stmt"/>
        <line num="196" count="106" type="stmt"/>
        <line num="197" count="106" type="stmt"/>
        <line num="198" count="106" type="stmt"/>
        <line num="199" count="106" type="cond" truecount="1" falsecount="0"/>
        <line num="200" count="106" type="stmt"/>
        <line num="201" count="106" type="stmt"/>
        <line num="202" count="106" type="stmt"/>
        <line num="204" count="106" type="stmt"/>
        <line num="205" count="106" type="stmt"/>
        <line num="206" count="106" type="cond" truecount="1" falsecount="0"/>
        <line num="207" count="7" type="cond" truecount="1" falsecount="0"/>
        <line num="208" count="90" type="stmt"/>
        <line num="209" count="106" type="stmt"/>
        <line num="210" count="106" type="stmt"/>
        <line num="211" count="106" type="cond" truecount="2" falsecount="0"/>
        <line num="212" count="106" type="stmt"/>
        <line num="213" count="106" type="stmt"/>
        <line num="214" count="106" type="stmt"/>
        <line num="216" count="106" type="stmt"/>
      </file>
      <file name="JobHistory.tsx" path="C:\Data\Own\OwnProjects\Regex\regex-matching\frontend\src\components\JobHistory.tsx">
        <metrics statements="31" coveredstatements="8" conditionals="5" coveredconditionals="4" methods="1" coveredmethods="1"/>
        <line num="1" count="1" type="stmt"/>
        <line num="12" count="1" type="cond" truecount="1" falsecount="0"/>
        <line num="15" count="21" type="stmt"/>
        <line num="16" count="21" type="cond" truecount="1" falsecount="0"/>
        <line num="17" count="21" type="stmt"/>
        <line num="18" count="21" type="stmt"/>
        <line num="19" count="21" type="cond" truecount="2" falsecount="0"/>
        <line num="21" count="21" type="cond" truecount="0" falsecount="1"/>
        <line num="23" count="0" type="stmt"/>
        <line num="24" count="0" type="stmt"/>
        <line num="25" count="0" type="stmt"/>
        <line num="26" count="0" type="stmt"/>
        <line num="27" count="0" type="stmt"/>
        <line num="28" count="0" type="stmt"/>
        <line num="29" count="0" type="stmt"/>
        <line num="30" count="0" type="stmt"/>
        <line num="31" count="0" type="stmt"/>
        <line num="32" count="0" type="stmt"/>
        <line num="34" count="0" type="stmt"/>
        <line num="35" count="0" type="stmt"/>
        <line num="36" count="0" type="stmt"/>
        <line num="37" count="0" type="stmt"/>
        <line num="38" count="0" type="stmt"/>
        <line num="39" count="0" type="stmt"/>
        <line num="40" count="0" type="stmt"/>
        <line num="41" count="0" type="stmt"/>
        <line num="42" count="0" type="stmt"/>
        <line num="43" count="0" type="stmt"/>
        <line num="44" count="0" type="stmt"/>
        <line num="45" count="0" type="stmt"/>
        <line num="47" count="0" type="stmt"/>
      </file>
      <file name="JobMonitor.tsx" path="C:\Data\Own\OwnProjects\Regex\regex-matching\frontend\src\components\JobMonitor.tsx">
        <metrics statements="78" coveredstatements="67" conditionals="16" coveredconditionals="2" methods="1" coveredmethods="1"/>
        <line num="1" count="1" type="stmt"/>
        <line num="13" count="1" type="cond" truecount="1" falsecount="0"/>
        <line num="14" count="3" type="stmt"/>
        <line num="15" count="3" type="stmt"/>
        <line num="17" count="3" type="stmt"/>
        <line num="18" count="3" type="stmt"/>
        <line num="19" count="3" type="stmt"/>
        <line num="20" count="3" type="stmt"/>
        <line num="21" count="3" type="stmt"/>
        <line num="22" count="3" type="stmt"/>
        <line num="23" count="3" type="cond" truecount="0" falsecount="1"/>
        <line num="24" count="3" type="stmt"/>
        <line num="25" count="3" type="cond" truecount="1" falsecount="0"/>
        <line num="26" count="1" type="stmt"/>
        <line num="27" count="1" type="cond" truecount="0" falsecount="1"/>
        <line num="28" count="1" type="stmt"/>
        <line num="30" count="3" type="stmt"/>
        <line num="32" count="3" type="stmt"/>
        <line num="33" count="3" type="stmt"/>
        <line num="34" count="3" type="stmt"/>
        <line num="35" count="3" type="stmt"/>
        <line num="36" count="3" type="stmt"/>
        <line num="38" count="3" type="cond" truecount="0" falsecount="1"/>
        <line num="40" count="3" type="cond" truecount="0" falsecount="1"/>
        <line num="41" count="0" type="stmt"/>
        <line num="44" count="3" type="cond" truecount="0" falsecount="1"/>
        <line num="45" count="0" type="stmt"/>
        <line num="48" count="3" type="stmt"/>
        <line num="49" count="3" type="stmt"/>
        <line num="50" count="3" type="stmt"/>
        <line num="51" count="3" type="stmt"/>
        <line num="52" count="3" type="stmt"/>
        <line num="53" count="3" type="cond" truecount="0" falsecount="1"/>
        <line num="54" count="3" type="stmt"/>
        <line num="55" count="3" type="stmt"/>
        <line num="56" count="3" type="cond" truecount="0" falsecount="1"/>
        <line num="57" count="3" type="stmt"/>
        <line num="58" count="3" type="stmt"/>
        <line num="59" count="3" type="stmt"/>
        <line num="60" count="3" type="cond" truecount="0" falsecount="1"/>
        <line num="61" count="0" type="stmt"/>
        <line num="62" count="0" type="stmt"/>
        <line num="63" count="0" type="stmt"/>
        <line num="65" count="3" type="cond" truecount="0" falsecount="1"/>
        <line num="66" count="0" type="stmt"/>
        <line num="68" count="3" type="stmt"/>
        <line num="69" count="3" type="stmt"/>
        <line num="70" count="3" type="stmt"/>
        <line num="71" count="3" type="stmt"/>
        <line num="72" count="3" type="stmt"/>
        <line num="73" count="3" type="stmt"/>
        <line num="74" count="3" type="cond" truecount="0" falsecount="1"/>
        <line num="75" count="0" type="stmt"/>
        <line num="76" count="0" type="stmt"/>
        <line num="77" count="0" type="stmt"/>
        <line num="78" count="0" type="stmt"/>
        <line num="79" count="0" type="stmt"/>
        <line num="81" count="3" type="stmt"/>
        <line num="84" count="3" type="stmt"/>
        <line num="85" count="3" type="stmt"/>
        <line num="86" count="3" type="stmt"/>
        <line num="87" count="3" type="cond" truecount="0" falsecount="1"/>
        <line num="88" count="3" type="stmt"/>
        <line num="89" count="3" type="stmt"/>
        <line num="90" count="3" type="stmt"/>
        <line num="91" count="3" type="cond" truecount="0" falsecount="1"/>
        <line num="92" count="3" type="stmt"/>
        <line num="93" count="3" type="stmt"/>
        <line num="94" count="3" type="stmt"/>
        <line num="95" count="3" type="cond" truecount="0" falsecount="1"/>
        <line num="96" count="3" type="stmt"/>
        <line num="97" count="3" type="stmt"/>
        <line num="98" count="3" type="stmt"/>
        <line num="99" count="3" type="cond" truecount="0" falsecount="1"/>
        <line num="100" count="3" type="stmt"/>
        <line num="101" count="3" type="stmt"/>
        <line num="102" count="3" type="stmt"/>
        <line num="104" count="3" type="stmt"/>
      </file>
      <file name="ResultTable.tsx" path="C:\Data\Own\OwnProjects\Regex\regex-matching\frontend\src\components\ResultTable.tsx">
        <metrics statements="106" coveredstatements="106" conditionals="35" coveredconditionals="33" methods="8" coveredmethods="6"/>
        <line num="1" count="1" type="stmt"/>
        <line num="7" count="1" type="stmt"/>
        <line num="9" count="1" type="cond" truecount="1" falsecount="0"/>
        <line num="10" count="25" type="stmt"/>
        <line num="11" count="25" type="stmt"/>
        <line num="13" count="25" type="stmt"/>
        <line num="14" count="25" type="cond" truecount="1" falsecount="0"/>
        <line num="15" count="25" type="stmt"/>
        <line num="16" count="25" type="stmt"/>
        <line num="17" count="25" type="stmt"/>
        <line num="21" count="25" type="cond" truecount="3" falsecount="0"/>
        <line num="22" count="25" type="cond" truecount="1" falsecount="1"/>
        <line num="23" count="25" type="cond" truecount="1" falsecount="1"/>
        <line num="24" count="25" type="cond" truecount="1" falsecount="0"/>
        <line num="25" count="2" type="stmt"/>
        <line num="26" count="2" type="cond" truecount="1" falsecount="0"/>
        <line num="28" count="18" type="stmt"/>
        <line num="30" count="18" type="stmt"/>
        <line num="31" count="18" type="stmt"/>
        <line num="32" count="18" type="stmt"/>
        <line num="33" count="18" type="stmt"/>
        <line num="34" count="18" type="stmt"/>
        <line num="35" count="18" type="stmt"/>
        <line num="36" count="18" type="stmt"/>
        <line num="37" count="18" type="stmt"/>
        <line num="38" count="18" type="stmt"/>
        <line num="39" count="18" type="stmt"/>
        <line num="40" count="18" type="stmt"/>
        <line num="41" count="18" type="cond" truecount="1" falsecount="0"/>
        <line num="42" count="1" type="stmt"/>
        <line num="43" count="1" type="stmt"/>
        <line num="44" count="1" type="stmt"/>
        <line num="46" count="18" type="cond" truecount="1" falsecount="0"/>
        <line num="47" count="72" type="stmt"/>
        <line num="48" count="72" type="stmt"/>
        <line num="49" count="72" type="stmt"/>
        <line num="50" count="18" type="stmt"/>
        <line num="51" count="18" type="stmt"/>
        <line num="52" count="18" type="stmt"/>
        <line num="53" count="18" type="stmt"/>
        <line num="55" count="18" type="stmt"/>
        <line num="56" count="18" type="stmt"/>
        <line num="57" count="18" type="stmt"/>
        <line num="58" count="18" type="stmt"/>
        <line num="59" count="18" type="stmt"/>
        <line num="60" count="18" type="cond" truecount="1" falsecount="0"/>
        <line num="61" count="54" type="cond" truecount="2" falsecount="0"/>
        <line num="62" count="54" type="stmt"/>
        <line num="63" count="54" type="cond" truecount="1" falsecount="0"/>
        <line num="64" count="54" type="stmt"/>
        <line num="65" count="18" type="stmt"/>
        <line num="66" count="18" type="stmt"/>
        <line num="67" count="18" type="stmt"/>
        <line num="68" count="18" type="stmt"/>
        <line num="69" count="18" type="cond" truecount="1" falsecount="0"/>
        <line num="70" count="36" type="stmt"/>
        <line num="71" count="36" type="stmt"/>
        <line num="72" count="36" type="cond" truecount="1" falsecount="0"/>
        <line num="73" count="108" type="cond" truecount="2" falsecount="0"/>
        <line num="74" count="108" type="stmt"/>
        <line num="75" count="108" type="stmt"/>
        <line num="76" count="36" type="stmt"/>
        <line num="77" count="36" type="stmt"/>
        <line num="78" count="18" type="stmt"/>
        <line num="79" count="18" type="stmt"/>
        <line num="80" count="18" type="stmt"/>
        <line num="81" count="18" type="stmt"/>
        <line num="83" count="18" type="stmt"/>
        <line num="84" count="18" type="stmt"/>
        <line num="86" count="18" type="stmt"/>
        <line num="87" count="18" type="stmt"/>
        <line num="88" count="18" type="stmt"/>
        <line num="89" count="18" type="stmt"/>
        <line num="90" count="18" type="stmt"/>
        <line num="91" count="18" type="stmt"/>
        <line num="92" count="18" type="stmt"/>
        <line num="94" count="18" type="stmt"/>
        <line num="95" count="18" type="stmt"/>
        <line num="96" count="25" type="cond" truecount="2" falsecount="0"/>
        <line num="97" count="25" type="stmt"/>
        <line num="98" count="25" type="stmt"/>
        <line num="99" count="25" type="stmt"/>
        <line num="100" count="25" type="stmt"/>
        <line num="101" count="25" type="cond" truecount="2" falsecount="0"/>
        <line num="102" count="25" type="stmt"/>
        <line num="103" count="25" type="stmt"/>
        <line num="105" count="25" type="stmt"/>
        <line num="106" count="25" type="stmt"/>
        <line num="107" count="25" type="stmt"/>
        <line num="108" count="25" type="stmt"/>
        <line num="109" count="25" type="cond" truecount="1" falsecount="0"/>
        <line num="110" count="25" type="stmt"/>
        <line num="111" count="25" type="stmt"/>
        <line num="113" count="25" type="stmt"/>
        <line num="114" count="25" type="stmt"/>
        <line num="115" count="25" type="stmt"/>
        <line num="117" count="25" type="stmt"/>
        <line num="119" count="108" type="cond" truecount="1" falsecount="0"/>
        <line num="120" count="108" type="cond" truecount="1" falsecount="0"/>
        <line num="121" count="18" type="stmt"/>
        <line num="122" count="18" type="cond" truecount="1" falsecount="0"/>
        <line num="123" count="108" type="cond" truecount="1" falsecount="0"/>
        <line num="124" count="36" type="cond" truecount="4" falsecount="0"/>
        <line num="125" count="36" type="cond" truecount="1" falsecount="0"/>
        <line num="126" count="54" type="stmt"/>
        <line num="127" count="54" type="stmt"/>
      </file>
      <file name="StatusPill.tsx" path="C:\Data\Own\OwnProjects\Regex\regex-matching\frontend\src\components\StatusPill.tsx">
        <metrics statements="4" coveredstatements="4" conditionals="1" coveredconditionals="1" methods="1" coveredmethods="1"/>
        <line num="1" count="1" type="stmt"/>
        <line num="4" count="1" type="cond" truecount="1" falsecount="0"/>
        <line num="5" count="3" type="stmt"/>
        <line num="6" count="3" type="stmt"/>
      </file>
    </package>
    <package name="src.components.ui">
      <metrics statements="46" coveredstatements="46" conditionals="11" coveredconditionals="10" methods="5" coveredmethods="5"/>
      <file name="Empty.tsx" path="C:\Data\Own\OwnProjects\Regex\regex-matching\frontend\src\components\ui\Empty.tsx">
        <metrics statements="4" coveredstatements="4" conditionals="1" coveredconditionals="1" methods="1" coveredmethods="1"/>
        <line num="1" count="1" type="stmt"/>
        <line num="3" count="1" type="cond" truecount="1" falsecount="0"/>
        <line num="4" count="1" type="stmt"/>
        <line num="5" count="1" type="stmt"/>
      </file>
      <file name="ErrorBanner.tsx" path="C:\Data\Own\OwnProjects\Regex\regex-matching\frontend\src\components\ui\ErrorBanner.tsx">
        <metrics statements="13" coveredstatements="13" conditionals="2" coveredconditionals="2" methods="1" coveredmethods="1"/>
        <line num="1" count="1" type="stmt"/>
        <line num="7" count="1" type="cond" truecount="1" falsecount="0"/>
        <line num="8" count="2" type="stmt"/>
        <line num="9" count="2" type="stmt"/>
        <line num="10" count="2" type="stmt"/>
        <line num="11" count="2" type="stmt"/>
        <line num="12" count="2" type="stmt"/>
        <line num="13" count="2" type="stmt"/>
        <line num="14" count="2" type="cond" truecount="1" falsecount="0"/>
        <line num="15" count="1" type="stmt"/>
        <line num="17" count="1" type="stmt"/>
        <line num="19" count="2" type="stmt"/>
        <line num="21" count="2" type="stmt"/>
      </file>
      <file name="ProgressBar.tsx" path="C:\Data\Own\OwnProjects\Regex\regex-matching\frontend\src\components\ui\ProgressBar.tsx">
        <metrics statements="10" coveredstatements="10" conditionals="2" coveredconditionals="1" methods="1" coveredmethods="1"/>
        <line num="1" count="1" type="stmt"/>
        <line num="6" count="1" type="cond" truecount="1" falsecount="0"/>
        <line num="7" count="3" type="stmt"/>
        <line num="8" count="3" type="stmt"/>
        <line num="9" count="3" type="stmt"/>
        <line num="10" count="3" type="cond" truecount="0" falsecount="1"/>
        <line num="12" count="3" type="stmt"/>
        <line num="13" count="3" type="stmt"/>
        <line num="14" count="3" type="stmt"/>
        <line num="16" count="3" type="stmt"/>
      </file>
      <file name="Spinner.tsx" path="C:\Data\Own\OwnProjects\Regex\regex-matching\frontend\src\components\ui\Spinner.tsx">
        <metrics statements="7" coveredstatements="7" conditionals="1" coveredconditionals="1" methods="1" coveredmethods="1"/>
        <line num="1" count="1" type="cond" truecount="1" falsecount="0"/>
        <line num="2" count="15" type="stmt"/>
        <line num="3" count="15" type="stmt"/>
        <line num="4" count="15" type="stmt"/>
        <line num="5" count="15" type="stmt"/>
        <line num="6" count="15" type="stmt"/>
        <line num="8" count="15" type="stmt"/>
      </file>
      <file name="Step.tsx" path="C:\Data\Own\OwnProjects\Regex\regex-matching\frontend\src\components\ui\Step.tsx">
        <metrics statements="11" coveredstatements="11" conditionals="5" coveredconditionals="5" methods="1" coveredmethods="1"/>
        <line num="1" count="1" type="stmt"/>
        <line num="11" count="1" type="cond" truecount="1" falsecount="0"/>
        <line num="12" count="29" type="stmt"/>
        <line num="13" count="29" type="stmt"/>
        <line num="14" count="29" type="stmt"/>
        <line num="15" count="29" type="cond" truecount="4" falsecount="0"/>
        <line num="16" count="29" type="stmt"/>
        <line num="17" count="29" type="stmt"/>
        <line num="18" count="29" type="stmt"/>
        <line num="19" count="29" type="stmt"/>
        <line num="21" count="29" type="stmt"/>
      </file>
      <file name="index.ts" path="C:\Data\Own\OwnProjects\Regex\regex-matching\frontend\src\components\ui\index.ts">
        <metrics statements="1" coveredstatements="1" conditionals="0" coveredconditionals="0" methods="0" coveredmethods="0"/>
        <line num="1" count="1" type="stmt"/>
      </file>
    </package>
    <package name="src.hooks">
      <metrics statements="92" coveredstatements="92" conditionals="36" coveredconditionals="31" methods="3" coveredmethods="3"/>
      <file name="useAsync.ts" path="C:\Data\Own\OwnProjects\Regex\regex-matching\frontend\src\hooks\useAsync.ts">
        <metrics statements="40" coveredstatements="40" conditionals="14" coveredconditionals="13" methods="1" coveredmethods="1"/>
        <line num="1" count="1" type="stmt"/>
        <line num="30" count="1" type="cond" truecount="1" falsecount="0"/>
        <line num="31" count="298" type="stmt"/>
        <line num="32" count="298" type="stmt"/>
        <line num="33" count="298" type="stmt"/>
        <line num="34" count="298" type="stmt"/>
        <line num="35" count="298" type="stmt"/>
        <line num="36" count="298" type="stmt"/>
        <line num="37" count="298" type="stmt"/>
        <line num="38" count="298" type="stmt"/>
        <line num="42" count="298" type="stmt"/>
        <line num="43" count="298" type="cond" truecount="1" falsecount="0"/>
        <line num="44" count="289" type="stmt"/>
        <line num="45" count="298" type="stmt"/>
        <line num="47" count="298" type="cond" truecount="1" falsecount="0"/>
        <line num="48" count="41" type="stmt"/>
        <line num="49" count="41" type="stmt"/>
        <line num="51" count="41" type="stmt"/>
        <line num="52" count="41" type="stmt"/>
        <line num="54" count="41" type="stmt"/>
        <line num="55" count="41" type="cond" truecount="1" falsecount="0"/>
        <line num="56" count="36" type="cond" truecount="2" falsecount="0"/>
        <line num="57" count="35" type="stmt"/>
        <line num="58" count="35" type="stmt"/>
        <line num="59" count="36" type="stmt"/>
        <line num="60" count="41" type="cond" truecount="1" falsecount="0"/>
        <line num="61" count="5" type="cond" truecount="0" falsecount="1"/>
        <line num="62" count="5" type="cond" truecount="2" falsecount="0"/>
        <line num="63" count="5" type="stmt"/>
        <line num="64" count="5" type="stmt"/>
        <line num="65" count="41" type="stmt"/>
        <line num="67" count="41" type="cond" truecount="1" falsecount="0"/>
        <line num="68" count="41" type="stmt"/>
        <line num="69" count="41" type="stmt"/>
        <line num="70" count="41" type="stmt"/>
        <line num="72" count="298" type="stmt"/>
        <line num="74" count="298" type="cond" truecount="2" falsecount="0"/>
        <line num="75" count="298" type="cond" truecount="1" falsecount="0"/>
        <line num="77" count="298" type="stmt"/>
        <line num="78" count="298" type="stmt"/>
      </file>
      <file name="useJobPolling.ts" path="C:\Data\Own\OwnProjects\Regex\regex-matching\frontend\src\hooks\useJobPolling.ts">
        <metrics statements="52" coveredstatements="52" conditionals="22" coveredconditionals="18" methods="2" coveredmethods="2"/>
        <line num="1" count="1" type="stmt"/>
        <line num="5" count="1" type="stmt"/>
        <line num="16" count="1" type="cond" truecount="1" falsecount="0"/>
        <line num="17" count="32" type="stmt"/>
        <line num="18" count="32" type="stmt"/>
        <line num="19" count="32" type="stmt"/>
        <line num="20" count="32" type="stmt"/>
        <line num="22" count="32" type="cond" truecount="1" falsecount="0"/>
        <line num="23" count="55" type="cond" truecount="0" falsecount="1"/>
        <line num="24" count="55" type="cond" truecount="1" falsecount="0"/>
        <line num="25" count="49" type="stmt"/>
        <line num="26" count="49" type="stmt"/>
        <line num="27" count="32" type="stmt"/>
        <line num="29" count="32" type="cond" truecount="1" falsecount="0"/>
        <line num="30" count="9" type="cond" truecount="1" falsecount="0"/>
        <line num="31" count="4" type="stmt"/>
        <line num="32" count="4" type="stmt"/>
        <line num="33" count="4" type="stmt"/>
        <line num="34" count="4" type="cond" truecount="1" falsecount="0"/>
        <line num="36" count="5" type="stmt"/>
        <line num="37" count="5" type="stmt"/>
        <line num="38" count="5" type="stmt"/>
        <line num="39" count="5" type="stmt"/>
        <line num="40" count="5" type="stmt"/>
        <line num="41" count="5" type="stmt"/>
        <line num="43" count="5" type="cond" truecount="1" falsecount="0"/>
        <line num="44" count="55" type="cond" truecount="0" falsecount="1"/>
        <line num="45" count="55" type="stmt"/>
        <line num="46" count="55" type="cond" truecount="1" falsecount="0"/>
        <line num="47" count="49" type="stmt"/>
        <line num="48" count="55" type="cond" truecount="1" falsecount="0"/>
        <line num="49" count="55" type="cond" truecount="1" falsecount="0"/>
        <line num="50" count="6" type="cond" truecount="0" falsecount="1"/>
        <line num="51" count="6" type="stmt"/>
        <line num="52" count="6" type="cond" truecount="1" falsecount="0"/>
        <line num="53" count="1" type="cond" truecount="0" falsecount="1"/>
        <line num="54" count="1" type="stmt"/>
        <line num="55" count="1" type="stmt"/>
        <line num="56" count="6" type="cond" truecount="2" falsecount="0"/>
        <line num="57" count="52" type="stmt"/>
        <line num="58" count="55" type="cond" truecount="4" falsecount="0"/>
        <line num="59" count="55" type="stmt"/>
        <line num="60" count="55" type="stmt"/>
        <line num="62" count="5" type="stmt"/>
        <line num="64" count="5" type="cond" truecount="1" falsecount="0"/>
        <line num="65" count="5" type="stmt"/>
        <line num="66" count="5" type="stmt"/>
        <line num="67" count="5" type="stmt"/>
        <line num="68" count="5" type="stmt"/>
        <line num="69" count="32" type="stmt"/>
        <line num="71" count="32" type="stmt"/>
        <line num="72" count="32" type="stmt"/>
      </file>
    </package>
    <package name="src.lib">
      <metrics statements="3" coveredstatements="3" conditionals="1" coveredconditionals="1" methods="1" coveredmethods="1"/>
      <file name="format.ts" path="C:\Data\Own\OwnProjects\Regex\regex-matching\frontend\src\lib\format.ts">
        <metrics statements="3" coveredstatements="3" conditionals="1" coveredconditionals="1" methods="1" coveredmethods="1"/>
        <line num="2" count="1" type="cond" truecount="1" falsecount="0"/>
        <line num="3" count="124" type="stmt"/>
        <line num="4" count="124" type="stmt"/>
      </file>
    </package>
  </project>
</coverage>
