{"C:\\Data\\Own\\OwnProjects\\Regex\\regex-matching\\frontend\\src\\App.tsx": {"path":"C:\\Data\\Own\\OwnProjects\\Regex\\regex-matching\\frontend\\src\\App.tsx","all":false,"statementMap":{"0":{"start":{"line":1,"column":0},"end":{"line":1,"column":44}},"11":{"start":{"line":12,"column":0},"end":{"line":12,"column":31}},"12":{"start":{"line":13,"column":0},"end":{"line":13,"column":56}},"13":{"start":{"line":14,"column":0},"end":{"line":14,"column":58}},"14":{"start":{"line":15,"column":0},"end":{"line":15,"column":54}},"15":{"start":{"line":16,"column":0},"end":{"line":16,"column":54}},"16":{"start":{"line":17,"column":0},"end":{"line":17,"column":70}},"17":{"start":{"line":18,"column":0},"end":{"line":18,"column":54}},"18":{"start":{"line":19,"column":0},"end":{"line":19,"column":59}},"20":{"start":{"line":21,"column":0},"end":{"line":21,"column":57}},"22":{"start":{"line":23,"column":0},"end":{"line":23,"column":19}},"23":{"start":{"line":24,"column":0},"end":{"line":24,"column":7}},"24":{"start":{"line":25,"column":0},"end":{"line":25,"column":15}},"25":{"start":{"line":26,"column":0},"end":{"line":26,"column":53}},"26":{"start":{"line":27,"column":0},"end":{"line":27,"column":45}},"27":{"start":{"line":28,"column":0},"end":{"line":28,"column":9}},"30":{"start":{"line":31,"column":0},"end":{"line":31,"column":19}},"31":{"start":{"line":32,"column":0},"end":{"line":32,"column":101}},"32":{"start":{"line":33,"column":0},"end":{"line":33,"column":44}},"33":{"start":{"line":34,"column":0},"end":{"line":34,"column":27}},"34":{"start":{"line":35,"column":0},"end":{"line":35,"column":5}},"35":{"start":{"line":36,"column":0},"end":{"line":36,"column":71}},"37":{"start":{"line":38,"column":0},"end":{"line":38,"column":55}},"38":{"start":{"line":39,"column":0},"end":{"line":39,"column":24}},"39":{"start":{"line":40,"column":0},"end":{"line":40,"column":25}},"40":{"start":{"line":41,"column":0},"end":{"line":41,"column":9}},"41":{"start":{"line":42,"column":0},"end":{"line":42,"column":51}},"42":{"start":{"line":43,"column":0},"end":{"line":43,"column":27}},"43":{"start":{"line":44,"column":0},"end":{"line":44,"column":44}},"44":{"start":{"line":45,"column":0},"end":{"line":45,"column":21}},"45":{"start":{"line":46,"column":0},"end":{"line":46,"column":93}},"46":{"start":{"line":47,"column":0},"end":{"line":47,"column":15}},"47":{"start":{"line":48,"column":0},"end":{"line":48,"column":27}},"48":{"start":{"line":49,"column":0},"end":{"line":49,"column":5}},"49":{"start":{"line":50,"column":0},"end":{"line":50,"column":4}},"51":{"start":{"line":52,"column":0},"end":{"line":52,"column":30}},"52":{"start":{"line":53,"column":0},"end":{"line":53,"column":23}},"53":{"start":{"line":54,"column":0},"end":{"line":54,"column":24}},"54":{"start":{"line":55,"column":0},"end":{"line":55,"column":9}},"55":{"start":{"line":56,"column":0},"end":{"line":56,"column":33}},"56":{"start":{"line":57,"column":0},"end":{"line":57,"column":21}},"57":{"start":{"line":58,"column":0},"end":{"line":58,"column":82}},"58":{"start":{"line":59,"column":0},"end":{"line":59,"column":27}},"59":{"start":{"line":60,"column":0},"end":{"line":60,"column":5}},"60":{"start":{"line":61,"column":0},"end":{"line":61,"column":4}},"62":{"start":{"line":63,"column":0},"end":{"line":63,"column":10}},"63":{"start":{"line":64,"column":0},"end":{"line":64,"column":25}},"64":{"start":{"line":65,"column":0},"end":{"line":65,"column":35}},"65":{"start":{"line":66,"column":0},"end":{"line":66,"column":13}},"66":{"start":{"line":67,"column":0},"end":{"line":67,"column":59}},"67":{"start":{"line":68,"column":0},"end":{"line":68,"column":31}},"70":{"start":{"line":71,"column":0},"end":{"line":71,"column":14}},"71":{"start":{"line":72,"column":0},"end":{"line":72,"column":14}},"72":{"start":{"line":73,"column":0},"end":{"line":73,"column":33}},"73":{"start":{"line":74,"column":0},"end":{"line":74,"column":86}},"74":{"start":{"line":75,"column":0},"end":{"line":75,"column":101}},"76":{"start":{"line":77,"column":0},"end":{"line":77,"column":14}},"77":{"start":{"line":78,"column":0},"end":{"line":78,"column":101}},"79":{"start":{"line":80,"column":0},"end":{"line":80,"column":14}},"80":{"start":{"line":81,"column":0},"end":{"line":81,"column":14}},"81":{"start":{"line":82,"column":0},"end":{"line":82,"column":15}},"83":{"start":{"line":84,"column":0},"end":{"line":84,"column":31}},"84":{"start":{"line":85,"column":0},"end":{"line":85,"column":32}},"85":{"start":{"line":86,"column":0},"end":{"line":86,"column":85}},"86":{"start":{"line":87,"column":0},"end":{"line":87,"column":24}},"87":{"start":{"line":88,"column":0},"end":{"line":88,"column":42}},"88":{"start":{"line":89,"column":0},"end":{"line":89,"column":39}},"89":{"start":{"line":90,"column":0},"end":{"line":90,"column":34}},"90":{"start":{"line":91,"column":0},"end":{"line":91,"column":31}},"91":{"start":{"line":92,"column":0},"end":{"line":92,"column":37}},"92":{"start":{"line":93,"column":0},"end":{"line":93,"column":16}},"93":{"start":{"line":94,"column":0},"end":{"line":94,"column":14}},"94":{"start":{"line":95,"column":0},"end":{"line":95,"column":17}},"96":{"start":{"line":97,"column":0},"end":{"line":97,"column":20}},"97":{"start":{"line":98,"column":0},"end":{"line":98,"column":86}},"98":{"start":{"line":99,"column":0},"end":{"line":99,"column":129}},"99":{"start":{"line":100,"column":0},"end":{"line":100,"column":79}},"100":{"start":{"line":101,"column":0},"end":{"line":101,"column":19}},"103":{"start":{"line":104,"column":0},"end":{"line":104,"column":28}},"104":{"start":{"line":105,"column":0},"end":{"line":105,"column":81}},"105":{"start":{"line":106,"column":0},"end":{"line":106,"column":102}},"106":{"start":{"line":107,"column":0},"end":{"line":107,"column":19}},"109":{"start":{"line":110,"column":0},"end":{"line":110,"column":41}},"110":{"start":{"line":111,"column":0},"end":{"line":111,"column":56}},"111":{"start":{"line":112,"column":0},"end":{"line":112,"column":44}},"112":{"start":{"line":113,"column":0},"end":{"line":113,"column":19}},"114":{"start":{"line":115,"column":0},"end":{"line":115,"column":14}},"116":{"start":{"line":117,"column":0},"end":{"line":117,"column":19}},"117":{"start":{"line":118,"column":0},"end":{"line":118,"column":29}},"118":{"start":{"line":119,"column":0},"end":{"line":119,"column":37}},"119":{"start":{"line":120,"column":0},"end":{"line":120,"column":27}},"120":{"start":{"line":121,"column":0},"end":{"line":121,"column":25}},"121":{"start":{"line":122,"column":0},"end":{"line":122,"column":33}},"122":{"start":{"line":123,"column":0},"end":{"line":123,"column":12}},"123":{"start":{"line":124,"column":0},"end":{"line":124,"column":10}},"124":{"start":{"line":125,"column":0},"end":{"line":125,"column":13}},"126":{"start":{"line":127,"column":0},"end":{"line":127,"column":47}},"129":{"start":{"line":130,"column":0},"end":{"line":130,"column":15}},"130":{"start":{"line":131,"column":0},"end":{"line":131,"column":10}},"132":{"start":{"line":133,"column":0},"end":{"line":133,"column":1}}},"s":{"0":1,"11":18,"12":18,"13":18,"14":18,"15":18,"16":18,"17":18,"18":18,"20":18,"22":18,"23":3,"24":3,"25":3,"26":3,"27":18,"30":18,"31":5,"32":1,"33":1,"34":1,"35":18,"37":18,"38":2,"39":2,"40":2,"41":2,"42":1,"43":1,"44":1,"45":1,"46":2,"47":2,"48":2,"49":2,"51":18,"52":0,"53":0,"54":0,"55":0,"56":0,"57":0,"58":0,"59":0,"60":0,"62":18,"63":18,"64":18,"65":18,"66":18,"67":18,"70":18,"71":18,"72":18,"73":18,"74":18,"76":18,"77":18,"79":18,"80":18,"81":18,"83":18,"84":18,"85":18,"86":18,"87":18,"88":18,"89":2,"90":2,"91":2,"92":2,"93":18,"94":18,"96":18,"97":10,"98":10,"99":10,"100":10,"103":18,"104":4,"105":4,"106":4,"109":18,"110":2,"111":2,"112":2,"114":18,"116":18,"117":18,"118":18,"119":18,"120":0,"121":0,"122":0,"123":18,"124":18,"126":18,"129":18,"130":18,"132":18},"branchMap":{"0":{"type":"branch","line":12,"loc":{"start":{"line":12,"column":0},"end":{"line":133,"column":1}},"locations":[{"start":{"line":12,"column":0},"end":{"line":133,"column":1}}]},"1":{"type":"branch","line":36,"loc":{"start":{"line":36,"column":6},"end":{"line":36,"column":17}},"locations":[{"start":{"line":36,"column":6},"end":{"line":36,"column":17}}]},"2":{"type":"branch","line":88,"loc":{"start":{"line":88,"column":24},"end":{"line":88,"column":37}},"locations":[{"start":{"line":88,"column":24},"end":{"line":88,"column":37}}]},"3":{"type":"branch","line":88,"loc":{"start":{"line":88,"column":30},"end":{"line":88,"column":42}},"locations":[{"start":{"line":88,"column":30},"end":{"line":88,"column":42}}]},"4":{"type":"branch","line":97,"loc":{"start":{"line":97,"column":11},"end":{"line":101,"column":19}},"locations":[{"start":{"line":97,"column":11},"end":{"line":101,"column":19}}]},"5":{"type":"branch","line":99,"loc":{"start":{"line":99,"column":15},"end":{"line":99,"column":129}},"locations":[{"start":{"line":99,"column":15},"end":{"line":99,"column":129}}]},"6":{"type":"branch","line":104,"loc":{"start":{"line":104,"column":11},"end":{"line":104,"column":28}},"locations":[{"start":{"line":104,"column":11},"end":{"line":104,"column":28}}]},"7":{"type":"branch","line":104,"loc":{"start":{"line":104,"column":20},"end":{"line":107,"column":19}},"locations":[{"start":{"line":104,"column":20},"end":{"line":107,"column":19}}]},"8":{"type":"branch","line":110,"loc":{"start":{"line":110,"column":11},"end":{"line":110,"column":27}},"locations":[{"start":{"line":110,"column":11},"end":{"line":110,"column":27}}]},"9":{"type":"branch","line":110,"loc":{"start":{"line":110,"column":27},"end":{"line":113,"column":19}},"locations":[{"start":{"line":110,"column":27},"end":{"line":113,"column":19}}]},"10":{"type":"branch","line":23,"loc":{"start":{"line":23,"column":12},"end":{"line":28,"column":5}},"locations":[{"start":{"line":23,"column":12},"end":{"line":28,"column":5}}]},"11":{"type":"branch","line":26,"loc":{"start":{"line":26,"column":12},"end":{"line":26,"column":52}},"locations":[{"start":{"line":26,"column":12},"end":{"line":26,"column":52}}]},"12":{"type":"branch","line":27,"loc":{"start":{"line":27,"column":13},"end":{"line":27,"column":43}},"locations":[{"start":{"line":27,"column":13},"end":{"line":27,"column":43}}]},"13":{"type":"branch","line":31,"loc":{"start":{"line":31,"column":12},"end":{"line":36,"column":5}},"locations":[{"start":{"line":31,"column":12},"end":{"line":36,"column":5}}]},"14":{"type":"branch","line":32,"loc":{"start":{"line":32,"column":8},"end":{"line":32,"column":100}},"locations":[{"start":{"line":32,"column":8},"end":{"line":32,"column":100}}]},"15":{"type":"branch","line":32,"loc":{"start":{"line":32,"column":31},"end":{"line":32,"column":71}},"locations":[{"start":{"line":32,"column":31},"end":{"line":32,"column":71}}]},"16":{"type":"branch","line":32,"loc":{"start":{"line":32,"column":59},"end":{"line":32,"column":100}},"locations":[{"start":{"line":32,"column":59},"end":{"line":32,"column":100}}]},"17":{"type":"branch","line":32,"loc":{"start":{"line":32,"column":100},"end":{"line":35,"column":5}},"locations":[{"start":{"line":32,"column":100},"end":{"line":35,"column":5}}]},"18":{"type":"branch","line":33,"loc":{"start":{"line":33,"column":22},"end":{"line":33,"column":42}},"locations":[{"start":{"line":33,"column":22},"end":{"line":33,"column":42}}]},"19":{"type":"branch","line":38,"loc":{"start":{"line":38,"column":17},"end":{"line":50,"column":4}},"locations":[{"start":{"line":38,"column":17},"end":{"line":50,"column":4}}]},"20":{"type":"branch","line":42,"loc":{"start":{"line":42,"column":49},"end":{"line":47,"column":6}},"locations":[{"start":{"line":42,"column":49},"end":{"line":47,"column":6}}]},"21":{"type":"branch","line":46,"loc":{"start":{"line":46,"column":55},"end":{"line":46,"column":91}},"locations":[{"start":{"line":46,"column":55},"end":{"line":46,"column":91}}]},"22":{"type":"branch","line":44,"loc":{"start":{"line":44,"column":22},"end":{"line":44,"column":42}},"locations":[{"start":{"line":44,"column":22},"end":{"line":44,"column":42}}]},"23":{"type":"branch","line":89,"loc":{"start":{"line":89,"column":24},"end":{"line":93,"column":16}},"locations":[{"start":{"line":89,"column":24},"end":{"line":93,"column":16}}]}},"b":{"0":[18],"1":[4],"2":[10],"3":[8],"4":[10],"5":[1],"6":[5],"7":[4],"8":[4],"9":[2],"10":[3],"11":[2],"12":[1],"13":[5],"14":[2],"15":[1],"16":[1],"17":[1],"18":[1],"19":[2],"20":[1],"21":[0],"22":[1],"23":[2]},"fnMap":{"0":{"name":"App","decl":{"start":{"line":12,"column":0},"end":{"line":133,"column":1}},"loc":{"start":{"line":12,"column":0},"end":{"line":133,"column":1}},"line":12},"1":{"name":"submit","decl":{"start":{"line":38,"column":17},"end":{"line":50,"column":4}},"loc":{"start":{"line":38,"column":17},"end":{"line":50,"column":4}},"line":38},"2":{"name":"cancel","decl":{"start":{"line":52,"column":17},"end":{"line":61,"column":4}},"loc":{"start":{"line":52,"column":17},"end":{"line":61,"column":4}},"line":52},"3":{"name":"onSelect","decl":{"start":{"line":89,"column":24},"end":{"line":93,"column":16}},"loc":{"start":{"line":89,"column":24},"end":{"line":93,"column":16}},"line":89},"4":{"name":"onDismiss","decl":{"start":{"line":99,"column":98},"end":{"line":99,"column":126}},"loc":{"start":{"line":99,"column":98},"end":{"line":99,"column":126}},"line":99},"5":{"name":"onOpen","decl":{"start":{"line":120,"column":18},"end":{"line":123,"column":12}},"loc":{"start":{"line":120,"column":18},"end":{"line":123,"column":12}},"line":120}},"f":{"0":18,"1":2,"2":0,"3":2,"4":0,"5":0}}
,"C:\\Data\\Own\\OwnProjects\\Regex\\regex-matching\\frontend\\src\\api\\client.ts": {"path":"C:\\Data\\Own\\OwnProjects\\Regex\\regex-matching\\frontend\\src\\api\\client.ts","all":false,"statementMap":{"11":{"start":{"line":12,"column":0},"end":{"line":12,"column":77}},"14":{"start":{"line":15,"column":0},"end":{"line":15,"column":37}},"19":{"start":{"line":20,"column":0},"end":{"line":20,"column":80}},"20":{"start":{"line":21,"column":0},"end":{"line":21,"column":19}},"21":{"start":{"line":22,"column":0},"end":{"line":22,"column":27}},"22":{"start":{"line":23,"column":0},"end":{"line":23,"column":25}},"23":{"start":{"line":24,"column":0},"end":{"line":24,"column":21}},"24":{"start":{"line":25,"column":0},"end":{"line":25,"column":25}},"25":{"start":{"line":26,"column":0},"end":{"line":26,"column":3}},"26":{"start":{"line":27,"column":0},"end":{"line":27,"column":1}},"28":{"start":{"line":29,"column":0},"end":{"line":29,"column":73}},"29":{"start":{"line":30,"column":0},"end":{"line":30,"column":25}},"30":{"start":{"line":31,"column":0},"end":{"line":31,"column":7}},"31":{"start":{"line":32,"column":0},"end":{"line":32,"column":46}},"32":{"start":{"line":33,"column":0},"end":{"line":33,"column":54}},"33":{"start":{"line":34,"column":0},"end":{"line":34,"column":14}},"34":{"start":{"line":35,"column":0},"end":{"line":35,"column":7}},"35":{"start":{"line":36,"column":0},"end":{"line":36,"column":19}},"37":{"start":{"line":38,"column":0},"end":{"line":38,"column":82}},"38":{"start":{"line":39,"column":0},"end":{"line":39,"column":98}},"39":{"start":{"line":40,"column":0},"end":{"line":40,"column":3}},"41":{"start":{"line":42,"column":0},"end":{"line":42,"column":32}},"42":{"start":{"line":43,"column":0},"end":{"line":43,"column":26}},"43":{"start":{"line":44,"column":0},"end":{"line":44,"column":3}},"45":{"start":{"line":46,"column":0},"end":{"line":46,"column":37}},"46":{"start":{"line":47,"column":0},"end":{"line":47,"column":44}},"48":{"start":{"line":49,"column":0},"end":{"line":49,"column":21}},"49":{"start":{"line":50,"column":0},"end":{"line":50,"column":101}},"50":{"start":{"line":51,"column":0},"end":{"line":51,"column":23}},"51":{"start":{"line":52,"column":0},"end":{"line":52,"column":22}},"52":{"start":{"line":53,"column":0},"end":{"line":53,"column":33}},"53":{"start":{"line":54,"column":0},"end":{"line":54,"column":72}},"54":{"start":{"line":55,"column":0},"end":{"line":55,"column":20}},"55":{"start":{"line":56,"column":0},"end":{"line":56,"column":6}},"56":{"start":{"line":57,"column":0},"end":{"line":57,"column":3}},"57":{"start":{"line":58,"column":0},"end":{"line":58,"column":19}},"58":{"start":{"line":59,"column":0},"end":{"line":59,"column":1}},"60":{"start":{"line":61,"column":0},"end":{"line":61,"column":42}},"61":{"start":{"line":62,"column":0},"end":{"line":62,"column":7}},"62":{"start":{"line":63,"column":0},"end":{"line":63,"column":28}},"63":{"start":{"line":64,"column":0},"end":{"line":64,"column":11}},"64":{"start":{"line":65,"column":0},"end":{"line":65,"column":74}},"65":{"start":{"line":66,"column":0},"end":{"line":66,"column":3}},"66":{"start":{"line":67,"column":0},"end":{"line":67,"column":1}},"68":{"start":{"line":69,"column":0},"end":{"line":69,"column":77}},"69":{"start":{"line":70,"column":0},"end":{"line":70,"column":39}},"70":{"start":{"line":71,"column":0},"end":{"line":71,"column":52}},"71":{"start":{"line":72,"column":0},"end":{"line":72,"column":76}},"72":{"start":{"line":73,"column":0},"end":{"line":73,"column":5}},"73":{"start":{"line":74,"column":0},"end":{"line":74,"column":36}},"74":{"start":{"line":75,"column":0},"end":{"line":75,"column":38}},"75":{"start":{"line":76,"column":0},"end":{"line":76,"column":1}},"79":{"start":{"line":80,"column":0},"end":{"line":80,"column":20}},"80":{"start":{"line":81,"column":0},"end":{"line":81,"column":89}},"82":{"start":{"line":83,"column":0},"end":{"line":83,"column":63}},"84":{"start":{"line":85,"column":0},"end":{"line":85,"column":109}},"86":{"start":{"line":87,"column":0},"end":{"line":87,"column":51}},"87":{"start":{"line":88,"column":0},"end":{"line":88,"column":73}},"89":{"start":{"line":90,"column":0},"end":{"line":90,"column":65}},"90":{"start":{"line":91,"column":0},"end":{"line":91,"column":80}},"92":{"start":{"line":93,"column":0},"end":{"line":93,"column":43}},"93":{"start":{"line":94,"column":0},"end":{"line":94,"column":78}},"95":{"start":{"line":96,"column":0},"end":{"line":96,"column":89}},"97":{"start":{"line":98,"column":0},"end":{"line":98,"column":49}},"98":{"start":{"line":99,"column":0},"end":{"line":99,"column":87}},"100":{"start":{"line":101,"column":0},"end":{"line":101,"column":85}},"102":{"start":{"line":103,"column":0},"end":{"line":103,"column":79}},"103":{"start":{"line":104,"column":0},"end":{"line":104,"column":98}},"104":{"start":{"line":105,"column":0},"end":{"line":105,"column":2}}},"s":{"11":1,"14":1,"19":1,"20":10,"21":10,"22":10,"23":10,"24":10,"25":10,"26":1,"28":5,"29":5,"30":5,"31":5,"32":5,"33":5,"34":5,"35":5,"37":1,"38":1,"39":1,"41":5,"42":1,"43":1,"45":3,"46":5,"48":5,"49":2,"50":2,"51":2,"52":2,"53":2,"54":2,"55":2,"56":2,"57":1,"58":1,"60":3,"61":3,"62":3,"63":3,"64":1,"65":1,"66":3,"68":1,"69":1,"70":1,"71":2,"72":1,"73":1,"74":1,"75":1,"79":1,"80":1,"82":1,"84":1,"86":1,"87":0,"89":1,"90":1,"92":1,"93":1,"95":1,"97":1,"98":0,"100":1,"102":1,"103":0,"104":1},"branchMap":{"0":{"type":"branch","line":20,"loc":{"start":{"line":20,"column":2},"end":{"line":26,"column":3}},"locations":[{"start":{"line":20,"column":2},"end":{"line":26,"column":3}}]},"1":{"type":"branch","line":29,"loc":{"start":{"line":29,"column":0},"end":{"line":59,"column":1}},"locations":[{"start":{"line":29,"column":0},"end":{"line":59,"column":1}}]},"2":{"type":"branch","line":35,"loc":{"start":{"line":35,"column":5},"end":{"line":36,"column":11}},"locations":[{"start":{"line":35,"column":5},"end":{"line":36,"column":11}}]},"3":{"type":"branch","line":36,"loc":{"start":{"line":36,"column":2},"end":{"line":40,"column":3}},"locations":[{"start":{"line":36,"column":2},"end":{"line":40,"column":3}}]},"4":{"type":"branch","line":38,"loc":{"start":{"line":38,"column":25},"end":{"line":38,"column":70}},"locations":[{"start":{"line":38,"column":25},"end":{"line":38,"column":70}}]},"5":{"type":"branch","line":38,"loc":{"start":{"line":38,"column":70},"end":{"line":38,"column":82}},"locations":[{"start":{"line":38,"column":70},"end":{"line":38,"column":82}}]},"6":{"type":"branch","line":40,"loc":{"start":{"line":40,"column":2},"end":{"line":42,"column":31}},"locations":[{"start":{"line":40,"column":2},"end":{"line":42,"column":31}}]},"7":{"type":"branch","line":42,"loc":{"start":{"line":42,"column":31},"end":{"line":44,"column":3}},"locations":[{"start":{"line":42,"column":31},"end":{"line":44,"column":3}}]},"8":{"type":"branch","line":44,"loc":{"start":{"line":44,"column":2},"end":{"line":47,"column":39}},"locations":[{"start":{"line":44,"column":2},"end":{"line":47,"column":39}}]},"9":{"type":"branch","line":47,"loc":{"start":{"line":47,"column":35},"end":{"line":47,"column":44}},"locations":[{"start":{"line":47,"column":35},"end":{"line":47,"column":44}}]},"10":{"type":"branch","line":49,"loc":{"start":{"line":49,"column":20},"end":{"line":57,"column":3}},"locations":[{"start":{"line":49,"column":20},"end":{"line":57,"column":3}}]},"11":{"type":"branch","line":53,"loc":{"start":{"line":53,"column":13},"end":{"line":53,"column":33}},"locations":[{"start":{"line":53,"column":13},"end":{"line":53,"column":33}}]},"12":{"type":"branch","line":54,"loc":{"start":{"line":54,"column":13},"end":{"line":54,"column":72}},"locations":[{"start":{"line":54,"column":13},"end":{"line":54,"column":72}}]},"13":{"type":"branch","line":57,"loc":{"start":{"line":57,"column":2},"end":{"line":59,"column":1}},"locations":[{"start":{"line":57,"column":2},"end":{"line":59,"column":1}}]},"14":{"type":"branch","line":61,"loc":{"start":{"line":61,"column":0},"end":{"line":67,"column":1}},"locations":[{"start":{"line":61,"column":0},"end":{"line":67,"column":1}}]},"15":{"type":"branch","line":64,"loc":{"start":{"line":64,"column":2},"end":{"line":66,"column":3}},"locations":[{"start":{"line":64,"column":2},"end":{"line":66,"column":3}}]},"16":{"type":"branch","line":69,"loc":{"start":{"line":69,"column":0},"end":{"line":76,"column":1}},"locations":[{"start":{"line":69,"column":0},"end":{"line":76,"column":1}}]},"17":{"type":"branch","line":75,"loc":{"start":{"line":75,"column":30},"end":{"line":75,"column":38}},"locations":[{"start":{"line":75,"column":30},"end":{"line":75,"column":38}}]},"18":{"type":"branch","line":71,"loc":{"start":{"line":71,"column":33},"end":{"line":73,"column":3}},"locations":[{"start":{"line":71,"column":33},"end":{"line":73,"column":3}}]},"19":{"type":"branch","line":72,"loc":{"start":{"line":72,"column":18},"end":{"line":72,"column":45}},"locations":[{"start":{"line":72,"column":18},"end":{"line":72,"column":45}}]},"20":{"type":"branch","line":72,"loc":{"start":{"line":72,"column":45},"end":{"line":72,"column":76}},"locations":[{"start":{"line":72,"column":45},"end":{"line":72,"column":76}}]},"21":{"type":"branch","line":81,"loc":{"start":{"line":81,"column":10},"end":{"line":81,"column":89}},"locations":[{"start":{"line":81,"column":10},"end":{"line":81,"column":89}}]},"22":{"type":"branch","line":90,"loc":{"start":{"line":90,"column":11},"end":{"line":91,"column":80}},"locations":[{"start":{"line":90,"column":11},"end":{"line":91,"column":80}}]},"23":{"type":"branch","line":93,"loc":{"start":{"line":93,"column":13},"end":{"line":94,"column":78}},"locations":[{"start":{"line":93,"column":13},"end":{"line":94,"column":78}}]},"24":{"type":"branch","line":101,"loc":{"start":{"line":101,"column":13},"end":{"line":101,"column":85}},"locations":[{"start":{"line":101,"column":13},"end":{"line":101,"column":85}}]}},"b":{"0":[10],"1":[5],"2":[4],"3":[1],"4":[0],"5":[0],"6":[4],"7":[1],"8":[3],"9":[0],"10":[2],"11":[0],"12":[0],"13":[1],"14":[3],"15":[1],"16":[1],"17":[0],"18":[2],"19":[1],"20":[1],"21":[2],"22":[1],"23":[1],"24":[1]},"fnMap":{"0":{"name":"ApiError","decl":{"start":{"line":20,"column":2},"end":{"line":26,"column":3}},"loc":{"start":{"line":20,"column":2},"end":{"line":26,"column":3}},"line":20},"1":{"name":"request","decl":{"start":{"line":29,"column":0},"end":{"line":59,"column":1}},"loc":{"start":{"line":29,"column":0},"end":{"line":59,"column":1}},"line":29},"2":{"name":"safeJson","decl":{"start":{"line":61,"column":0},"end":{"line":67,"column":1}},"loc":{"start":{"line":61,"column":0},"end":{"line":67,"column":1}},"line":61},"3":{"name":"query","decl":{"start":{"line":69,"column":0},"end":{"line":76,"column":1}},"loc":{"start":{"line":69,"column":0},"end":{"line":76,"column":1}},"line":69},"4":{"name":"health","decl":{"start":{"line":81,"column":10},"end":{"line":81,"column":89}},"loc":{"start":{"line":81,"column":10},"end":{"line":81,"column":89}},"line":81},"5":{"name":"metrics","decl":{"start":{"line":83,"column":11},"end":{"line":83,"column":63}},"loc":{"start":{"line":83,"column":11},"end":{"line":83,"column":63}},"line":83},"6":{"name":"operations","decl":{"start":{"line":85,"column":14},"end":{"line":85,"column":109}},"loc":{"start":{"line":85,"column":14},"end":{"line":85,"column":109}},"line":85},"7":{"name":"files","decl":{"start":{"line":87,"column":9},"end":{"line":88,"column":73}},"loc":{"start":{"line":87,"column":9},"end":{"line":88,"column":73}},"line":87},"8":{"name":"preview","decl":{"start":{"line":90,"column":11},"end":{"line":91,"column":80}},"loc":{"start":{"line":90,"column":11},"end":{"line":91,"column":80}},"line":90},"9":{"name":"createJob","decl":{"start":{"line":93,"column":13},"end":{"line":94,"column":78}},"loc":{"start":{"line":93,"column":13},"end":{"line":94,"column":78}},"line":93},"10":{"name":"getJob","decl":{"start":{"line":96,"column":10},"end":{"line":96,"column":89}},"loc":{"start":{"line":96,"column":10},"end":{"line":96,"column":89}},"line":96},"11":{"name":"listJobs","decl":{"start":{"line":98,"column":12},"end":{"line":99,"column":87}},"loc":{"start":{"line":98,"column":12},"end":{"line":99,"column":87}},"line":98},"12":{"name":"cancelJob","decl":{"start":{"line":101,"column":13},"end":{"line":101,"column":85}},"loc":{"start":{"line":101,"column":13},"end":{"line":101,"column":85}},"line":101},"13":{"name":"result","decl":{"start":{"line":103,"column":10},"end":{"line":104,"column":98}},"loc":{"start":{"line":103,"column":10},"end":{"line":104,"column":98}},"line":103}},"f":{"0":10,"1":5,"2":3,"3":1,"4":2,"5":0,"6":0,"7":0,"8":1,"9":1,"10":0,"11":0,"12":1,"13":0}}
,"C:\\Data\\Own\\OwnProjects\\Regex\\regex-matching\\frontend\\src\\api\\types.ts": {"path":"C:\\Data\\Own\\OwnProjects\\Regex\\regex-matching\\frontend\\src\\api\\types.ts","all":true,"statementMap":{},"s":{},"branchMap":{"0":{"type":"branch","line":1,"loc":{"start":{"line":1,"column":2622},"end":{"line":123,"column":1}},"locations":[{"start":{"line":1,"column":2622},"end":{"line":123,"column":1}}]}},"b":{"0":[1]},"fnMap":{"0":{"name":"(empty-report)","decl":{"start":{"line":1,"column":2622},"end":{"line":123,"column":1}},"loc":{"start":{"line":1,"column":2622},"end":{"line":123,"column":1}},"line":1}},"f":{"0":1}}
,"C:\\Data\\Own\\OwnProjects\\Regex\\regex-matching\\frontend\\src\\components\\FileBrowser.tsx": {"path":"C:\\Data\\Own\\OwnProjects\\Regex\\regex-matching\\frontend\\src\\components\\FileBrowser.tsx","all":false,"statementMap":{"0":{"start":{"line":1,"column":0},"end":{"line":1,"column":36}},"11":{"start":{"line":12,"column":0},"end":{"line":12,"column":39}},"12":{"start":{"line":13,"column":0},"end":{"line":13,"column":16}},"13":{"start":{"line":14,"column":0},"end":{"line":14,"column":16}},"14":{"start":{"line":15,"column":0},"end":{"line":15,"column":18}},"15":{"start":{"line":16,"column":0},"end":{"line":16,"column":16}},"16":{"start":{"line":17,"column":0},"end":{"line":17,"column":20}},"17":{"start":{"line":18,"column":0},"end":{"line":18,"column":2}},"19":{"start":{"line":20,"column":0},"end":{"line":20,"column":60}},"20":{"start":{"line":21,"column":0},"end":{"line":21,"column":64}},"21":{"start":{"line":22,"column":0},"end":{"line":22,"column":45}},"22":{"start":{"line":23,"column":0},"end":{"line":23,"column":7}},"23":{"start":{"line":24,"column":0},"end":{"line":24,"column":46}},"24":{"start":{"line":25,"column":0},"end":{"line":25,"column":4}},"26":{"start":{"line":27,"column":0},"end":{"line":27,"column":34}},"27":{"start":{"line":28,"column":0},"end":{"line":28,"column":36}},"29":{"start":{"line":30,"column":0},"end":{"line":30,"column":10}},"30":{"start":{"line":31,"column":0},"end":{"line":31,"column":6}},"31":{"start":{"line":32,"column":0},"end":{"line":32,"column":35}},"32":{"start":{"line":33,"column":0},"end":{"line":33,"column":29}},"33":{"start":{"line":34,"column":0},"end":{"line":34,"column":21}},"34":{"start":{"line":35,"column":0},"end":{"line":35,"column":14}},"35":{"start":{"line":36,"column":0},"end":{"line":36,"column":102}},"36":{"start":{"line":37,"column":0},"end":{"line":37,"column":15}},"38":{"start":{"line":39,"column":0},"end":{"line":39,"column":29}},"40":{"start":{"line":41,"column":0},"end":{"line":41,"column":12}},"41":{"start":{"line":42,"column":0},"end":{"line":42,"column":92}},"43":{"start":{"line":44,"column":0},"end":{"line":44,"column":17}},"44":{"start":{"line":45,"column":0},"end":{"line":45,"column":12}},"46":{"start":{"line":47,"column":0},"end":{"line":47,"column":71}},"47":{"start":{"line":48,"column":0},"end":{"line":48,"column":55}},"49":{"start":{"line":50,"column":0},"end":{"line":50,"column":52}},"50":{"start":{"line":51,"column":0},"end":{"line":51,"column":15}},"51":{"start":{"line":52,"column":0},"end":{"line":52,"column":96}},"53":{"start":{"line":54,"column":0},"end":{"line":54,"column":16}},"56":{"start":{"line":57,"column":0},"end":{"line":57,"column":28}},"57":{"start":{"line":58,"column":0},"end":{"line":58,"column":34}},"58":{"start":{"line":59,"column":0},"end":{"line":59,"column":32}},"59":{"start":{"line":60,"column":0},"end":{"line":60,"column":31}},"60":{"start":{"line":61,"column":0},"end":{"line":61,"column":21}},"61":{"start":{"line":62,"column":0},"end":{"line":62,"column":29}},"62":{"start":{"line":63,"column":0},"end":{"line":63,"column":88}},"63":{"start":{"line":64,"column":0},"end":{"line":64,"column":46}},"65":{"start":{"line":66,"column":0},"end":{"line":66,"column":122}},"66":{"start":{"line":67,"column":0},"end":{"line":67,"column":62}},"67":{"start":{"line":68,"column":0},"end":{"line":68,"column":74}},"68":{"start":{"line":69,"column":0},"end":{"line":69,"column":50}},"69":{"start":{"line":70,"column":0},"end":{"line":70,"column":111}},"71":{"start":{"line":72,"column":0},"end":{"line":72,"column":23}},"72":{"start":{"line":73,"column":0},"end":{"line":73,"column":17}},"73":{"start":{"line":74,"column":0},"end":{"line":74,"column":13}},"74":{"start":{"line":75,"column":0},"end":{"line":75,"column":13}},"76":{"start":{"line":77,"column":0},"end":{"line":77,"column":7}},"78":{"start":{"line":79,"column":0},"end":{"line":79,"column":1}}},"s":{"0":1,"11":1,"12":1,"13":1,"14":1,"15":1,"16":1,"17":1,"19":1,"20":18,"21":18,"22":18,"23":18,"24":18,"26":18,"27":18,"29":18,"30":18,"31":18,"32":18,"33":18,"34":15,"35":15,"36":15,"38":3,"40":18,"41":18,"43":18,"44":18,"46":18,"47":18,"49":18,"50":0,"51":0,"53":0,"56":18,"57":15,"58":15,"59":15,"60":15,"61":15,"62":15,"63":15,"65":15,"66":15,"67":15,"68":15,"69":0,"71":15,"72":15,"73":15,"74":15,"76":18,"78":18},"branchMap":{"0":{"type":"branch","line":20,"loc":{"start":{"line":20,"column":7},"end":{"line":79,"column":1}},"locations":[{"start":{"line":20,"column":7},"end":{"line":79,"column":1}}]},"1":{"type":"branch","line":27,"loc":{"start":{"line":27,"column":16},"end":{"line":27,"column":31}},"locations":[{"start":{"line":27,"column":16},"end":{"line":27,"column":31}}]},"2":{"type":"branch","line":27,"loc":{"start":{"line":27,"column":22},"end":{"line":27,"column":34}},"locations":[{"start":{"line":27,"column":22},"end":{"line":27,"column":34}}]},"3":{"type":"branch","line":28,"loc":{"start":{"line":28,"column":17},"end":{"line":28,"column":33}},"locations":[{"start":{"line":28,"column":17},"end":{"line":28,"column":33}}]},"4":{"type":"branch","line":28,"loc":{"start":{"line":28,"column":23},"end":{"line":28,"column":36}},"locations":[{"start":{"line":28,"column":23},"end":{"line":28,"column":36}}]},"5":{"type":"branch","line":34,"loc":{"start":{"line":34,"column":11},"end":{"line":37,"column":15}},"locations":[{"start":{"line":34,"column":11},"end":{"line":37,"column":15}}]},"6":{"type":"branch","line":36,"loc":{"start":{"line":36,"column":93},"end":{"line":36,"column":102}},"locations":[{"start":{"line":36,"column":93},"end":{"line":36,"column":102}}]},"7":{"type":"branch","line":37,"loc":{"start":{"line":37,"column":12},"end":{"line":39,"column":29}},"locations":[{"start":{"line":37,"column":12},"end":{"line":39,"column":29}}]},"8":{"type":"branch","line":47,"loc":{"start":{"line":47,"column":7},"end":{"line":47,"column":71}},"locations":[{"start":{"line":47,"column":7},"end":{"line":47,"column":71}}]},"9":{"type":"branch","line":48,"loc":{"start":{"line":48,"column":7},"end":{"line":48,"column":55}},"locations":[{"start":{"line":48,"column":7},"end":{"line":48,"column":55}}]},"10":{"type":"branch","line":50,"loc":{"start":{"line":50,"column":8},"end":{"line":50,"column":29}},"locations":[{"start":{"line":50,"column":8},"end":{"line":50,"column":29}}]},"11":{"type":"branch","line":50,"loc":{"start":{"line":50,"column":20},"end":{"line":50,"column":52}},"locations":[{"start":{"line":50,"column":20},"end":{"line":50,"column":52}}]},"12":{"type":"branch","line":50,"loc":{"start":{"line":50,"column":46},"end":{"line":54,"column":16}},"locations":[{"start":{"line":50,"column":46},"end":{"line":54,"column":16}}]},"13":{"type":"branch","line":57,"loc":{"start":{"line":57,"column":22},"end":{"line":75,"column":13}},"locations":[{"start":{"line":57,"column":22},"end":{"line":75,"column":13}}]},"14":{"type":"branch","line":22,"loc":{"start":{"line":22,"column":4},"end":{"line":22,"column":45}},"locations":[{"start":{"line":22,"column":4},"end":{"line":22,"column":45}}]},"15":{"type":"branch","line":59,"loc":{"start":{"line":59,"column":21},"end":{"line":73,"column":17}},"locations":[{"start":{"line":59,"column":21},"end":{"line":73,"column":17}}]},"16":{"type":"branch","line":63,"loc":{"start":{"line":63,"column":56},"end":{"line":63,"column":83}},"locations":[{"start":{"line":63,"column":56},"end":{"line":63,"column":83}}]},"17":{"type":"branch","line":63,"loc":{"start":{"line":63,"column":62},"end":{"line":63,"column":85}},"locations":[{"start":{"line":63,"column":62},"end":{"line":63,"column":85}}]},"18":{"type":"branch","line":66,"loc":{"start":{"line":66,"column":64},"end":{"line":66,"column":115}},"locations":[{"start":{"line":66,"column":64},"end":{"line":66,"column":115}}]},"19":{"type":"branch","line":69,"loc":{"start":{"line":69,"column":41},"end":{"line":70,"column":111}},"locations":[{"start":{"line":69,"column":41},"end":{"line":70,"column":111}}]},"20":{"type":"branch","line":64,"loc":{"start":{"line":64,"column":25},"end":{"line":64,"column":46}},"locations":[{"start":{"line":64,"column":25},"end":{"line":64,"column":46}}]}},"b":{"0":[18],"1":[15],"2":[3],"3":[15],"4":[3],"5":[15],"6":[0],"7":[3],"8":[0],"9":[3],"10":[15],"11":[15],"12":[0],"13":[15],"14":[3],"15":[15],"16":[9],"17":[6],"18":[0],"19":[0],"20":[2]},"fnMap":{"0":{"name":"FileBrowser","decl":{"start":{"line":20,"column":7},"end":{"line":79,"column":1}},"loc":{"start":{"line":20,"column":7},"end":{"line":79,"column":1}},"line":20},"1":{"name":"FileBrowser.__vite_ssr_import_2__.useAsync.fallbackError","decl":{"start":{"line":22,"column":4},"end":{"line":22,"column":45}},"loc":{"start":{"line":22,"column":4},"end":{"line":22,"column":45}},"line":22},"2":{"name":"onClick","decl":{"start":{"line":64,"column":25},"end":{"line":64,"column":46}},"loc":{"start":{"line":64,"column":25},"end":{"line":64,"column":46}},"line":64}},"f":{"0":18,"1":3,"2":2}}
,"C:\\Data\\Own\\OwnProjects\\Regex\\regex-matching\\frontend\\src\\components\\JobForm.tsx": {"path":"C:\\Data\\Own\\OwnProjects\\Regex\\regex-matching\\frontend\\src\\components\\JobForm.tsx","all":false,"statementMap":{"0":{"start":{"line":1,"column":0},"end":{"line":1,"column":53}},"12":{"start":{"line":13,"column":0},"end":{"line":13,"column":49}},"13":{"start":{"line":14,"column":0},"end":{"line":14,"column":51}},"14":{"start":{"line":15,"column":0},"end":{"line":15,"column":72}},"15":{"start":{"line":16,"column":0},"end":{"line":16,"column":56}},"16":{"start":{"line":17,"column":0},"end":{"line":17,"column":61}},"17":{"start":{"line":18,"column":0},"end":{"line":18,"column":2}},"19":{"start":{"line":20,"column":0},"end":{"line":20,"column":29}},"20":{"start":{"line":21,"column":0},"end":{"line":21,"column":85}},"21":{"start":{"line":22,"column":0},"end":{"line":22,"column":2}},"24":{"start":{"line":25,"column":0},"end":{"line":25,"column":51}},"26":{"start":{"line":27,"column":0},"end":{"line":27,"column":64}},"27":{"start":{"line":28,"column":0},"end":{"line":28,"column":71}},"28":{"start":{"line":29,"column":0},"end":{"line":29,"column":53}},"29":{"start":{"line":30,"column":0},"end":{"line":30,"column":61}},"30":{"start":{"line":31,"column":0},"end":{"line":31,"column":55}},"31":{"start":{"line":32,"column":0},"end":{"line":32,"column":41}},"32":{"start":{"line":33,"column":0},"end":{"line":33,"column":58}},"36":{"start":{"line":37,"column":0},"end":{"line":37,"column":70}},"37":{"start":{"line":38,"column":0},"end":{"line":38,"column":55}},"38":{"start":{"line":39,"column":0},"end":{"line":39,"column":5}},"39":{"start":{"line":40,"column":0},"end":{"line":40,"column":53}},"40":{"start":{"line":41,"column":0},"end":{"line":41,"column":66}},"41":{"start":{"line":42,"column":0},"end":{"line":42,"column":22}},"42":{"start":{"line":43,"column":0},"end":{"line":43,"column":50}},"43":{"start":{"line":44,"column":0},"end":{"line":44,"column":4}},"45":{"start":{"line":46,"column":0},"end":{"line":46,"column":54}},"46":{"start":{"line":47,"column":0},"end":{"line":47,"column":74}},"49":{"start":{"line":50,"column":0},"end":{"line":50,"column":19}},"50":{"start":{"line":51,"column":0},"end":{"line":51,"column":25}},"51":{"start":{"line":52,"column":0},"end":{"line":52,"column":79}},"52":{"start":{"line":53,"column":0},"end":{"line":53,"column":37}},"53":{"start":{"line":54,"column":0},"end":{"line":54,"column":16}},"55":{"start":{"line":56,"column":0},"end":{"line":56,"column":34}},"56":{"start":{"line":57,"column":0},"end":{"line":57,"column":62}},"57":{"start":{"line":58,"column":0},"end":{"line":58,"column":28}},"58":{"start":{"line":59,"column":0},"end":{"line":59,"column":4}},"60":{"start":{"line":61,"column":0},"end":{"line":61,"column":89}},"61":{"start":{"line":62,"column":0},"end":{"line":62,"column":137}},"63":{"start":{"line":64,"column":0},"end":{"line":64,"column":44}},"64":{"start":{"line":65,"column":0},"end":{"line":65,"column":27}},"65":{"start":{"line":66,"column":0},"end":{"line":66,"column":98}},"66":{"start":{"line":67,"column":0},"end":{"line":67,"column":6}},"67":{"start":{"line":68,"column":0},"end":{"line":68,"column":4}},"69":{"start":{"line":70,"column":0},"end":{"line":70,"column":24}},"70":{"start":{"line":71,"column":0},"end":{"line":71,"column":14}},"71":{"start":{"line":72,"column":0},"end":{"line":72,"column":27}},"72":{"start":{"line":73,"column":0},"end":{"line":73,"column":37}},"73":{"start":{"line":74,"column":0},"end":{"line":74,"column":16}},"74":{"start":{"line":75,"column":0},"end":{"line":75,"column":43}},"75":{"start":{"line":76,"column":0},"end":{"line":76,"column":61}},"76":{"start":{"line":77,"column":0},"end":{"line":77,"column":30}},"77":{"start":{"line":78,"column":0},"end":{"line":78,"column":34}},"78":{"start":{"line":79,"column":0},"end":{"line":79,"column":7}},"79":{"start":{"line":80,"column":0},"end":{"line":80,"column":4}},"81":{"start":{"line":82,"column":0},"end":{"line":82,"column":101}},"82":{"start":{"line":83,"column":0},"end":{"line":83,"column":75}},"83":{"start":{"line":84,"column":0},"end":{"line":84,"column":55}},"85":{"start":{"line":86,"column":0},"end":{"line":86,"column":10}},"86":{"start":{"line":87,"column":0},"end":{"line":87,"column":26}},"87":{"start":{"line":88,"column":0},"end":{"line":88,"column":53}},"88":{"start":{"line":89,"column":0},"end":{"line":89,"column":33}},"89":{"start":{"line":90,"column":0},"end":{"line":90,"column":28}},"90":{"start":{"line":91,"column":0},"end":{"line":91,"column":83}},"91":{"start":{"line":92,"column":0},"end":{"line":92,"column":70}},"92":{"start":{"line":93,"column":0},"end":{"line":93,"column":57}},"93":{"start":{"line":94,"column":0},"end":{"line":94,"column":46}},"94":{"start":{"line":95,"column":0},"end":{"line":95,"column":22}},"95":{"start":{"line":96,"column":0},"end":{"line":96,"column":23}},"96":{"start":{"line":97,"column":0},"end":{"line":97,"column":15}},"97":{"start":{"line":98,"column":0},"end":{"line":98,"column":19}},"98":{"start":{"line":99,"column":0},"end":{"line":99,"column":16}},"101":{"start":{"line":102,"column":0},"end":{"line":102,"column":29}},"102":{"start":{"line":103,"column":0},"end":{"line":103,"column":32}},"103":{"start":{"line":104,"column":0},"end":{"line":104,"column":59}},"104":{"start":{"line":105,"column":0},"end":{"line":105,"column":40}},"105":{"start":{"line":106,"column":0},"end":{"line":106,"column":19}},"106":{"start":{"line":107,"column":0},"end":{"line":107,"column":18}},"107":{"start":{"line":108,"column":0},"end":{"line":108,"column":50}},"108":{"start":{"line":109,"column":0},"end":{"line":109,"column":48}},"109":{"start":{"line":110,"column":0},"end":{"line":110,"column":19}},"110":{"start":{"line":111,"column":0},"end":{"line":111,"column":19}},"111":{"start":{"line":112,"column":0},"end":{"line":112,"column":20}},"112":{"start":{"line":113,"column":0},"end":{"line":113,"column":19}},"113":{"start":{"line":114,"column":0},"end":{"line":114,"column":56}},"114":{"start":{"line":115,"column":0},"end":{"line":115,"column":32}},"115":{"start":{"line":116,"column":0},"end":{"line":116,"column":52}},"116":{"start":{"line":117,"column":0},"end":{"line":117,"column":61}},"117":{"start":{"line":118,"column":0},"end":{"line":118,"column":21}},"118":{"start":{"line":119,"column":0},"end":{"line":119,"column":21}},"119":{"start":{"line":120,"column":0},"end":{"line":120,"column":17}},"120":{"start":{"line":121,"column":0},"end":{"line":121,"column":20}},"121":{"start":{"line":122,"column":0},"end":{"line":122,"column":18}},"122":{"start":{"line":123,"column":0},"end":{"line":123,"column":14}},"123":{"start":{"line":124,"column":0},"end":{"line":124,"column":65}},"124":{"start":{"line":125,"column":0},"end":{"line":125,"column":12}},"126":{"start":{"line":127,"column":0},"end":{"line":127,"column":34}},"127":{"start":{"line":128,"column":0},"end":{"line":128,"column":37}},"128":{"start":{"line":129,"column":0},"end":{"line":129,"column":31}},"129":{"start":{"line":130,"column":0},"end":{"line":130,"column":44}},"130":{"start":{"line":131,"column":0},"end":{"line":131,"column":19}},"131":{"start":{"line":132,"column":0},"end":{"line":132,"column":26}},"132":{"start":{"line":133,"column":0},"end":{"line":133,"column":27}},"133":{"start":{"line":134,"column":0},"end":{"line":134,"column":81}},"134":{"start":{"line":135,"column":0},"end":{"line":135,"column":50}},"136":{"start":{"line":137,"column":0},"end":{"line":137,"column":22}},"137":{"start":{"line":138,"column":0},"end":{"line":138,"column":21}},"138":{"start":{"line":139,"column":0},"end":{"line":139,"column":13}},"139":{"start":{"line":140,"column":0},"end":{"line":140,"column":14}},"140":{"start":{"line":141,"column":0},"end":{"line":141,"column":17}},"142":{"start":{"line":143,"column":0},"end":{"line":143,"column":31}},"143":{"start":{"line":144,"column":0},"end":{"line":144,"column":30}},"144":{"start":{"line":145,"column":0},"end":{"line":145,"column":15}},"145":{"start":{"line":146,"column":0},"end":{"line":146,"column":27}},"146":{"start":{"line":147,"column":0},"end":{"line":147,"column":81}},"148":{"start":{"line":149,"column":0},"end":{"line":149,"column":81}},"149":{"start":{"line":150,"column":0},"end":{"line":150,"column":56}},"150":{"start":{"line":151,"column":0},"end":{"line":151,"column":26}},"151":{"start":{"line":152,"column":0},"end":{"line":152,"column":21}},"152":{"start":{"line":153,"column":0},"end":{"line":153,"column":13}},"153":{"start":{"line":154,"column":0},"end":{"line":154,"column":17}},"154":{"start":{"line":155,"column":0},"end":{"line":155,"column":14}},"156":{"start":{"line":157,"column":0},"end":{"line":157,"column":31}},"157":{"start":{"line":158,"column":0},"end":{"line":158,"column":58}},"158":{"start":{"line":159,"column":0},"end":{"line":159,"column":17}},"159":{"start":{"line":160,"column":0},"end":{"line":160,"column":18}},"160":{"start":{"line":161,"column":0},"end":{"line":161,"column":43}},"161":{"start":{"line":162,"column":0},"end":{"line":162,"column":29}},"162":{"start":{"line":163,"column":0},"end":{"line":163,"column":66}},"163":{"start":{"line":164,"column":0},"end":{"line":164,"column":10}},"164":{"start":{"line":165,"column":0},"end":{"line":165,"column":103}},"166":{"start":{"line":167,"column":0},"end":{"line":167,"column":17}},"167":{"start":{"line":168,"column":0},"end":{"line":168,"column":14}},"169":{"start":{"line":170,"column":0},"end":{"line":170,"column":28}},"170":{"start":{"line":171,"column":0},"end":{"line":171,"column":33}},"171":{"start":{"line":172,"column":0},"end":{"line":172,"column":40}},"172":{"start":{"line":173,"column":0},"end":{"line":173,"column":16}},"173":{"start":{"line":174,"column":0},"end":{"line":174,"column":23}},"174":{"start":{"line":175,"column":0},"end":{"line":175,"column":31}},"175":{"start":{"line":176,"column":0},"end":{"line":176,"column":68}},"176":{"start":{"line":177,"column":0},"end":{"line":177,"column":34}},"177":{"start":{"line":178,"column":0},"end":{"line":178,"column":12}},"178":{"start":{"line":179,"column":0},"end":{"line":179,"column":16}},"181":{"start":{"line":182,"column":0},"end":{"line":182,"column":32}},"182":{"start":{"line":183,"column":0},"end":{"line":183,"column":28}},"183":{"start":{"line":184,"column":0},"end":{"line":184,"column":95}},"185":{"start":{"line":186,"column":0},"end":{"line":186,"column":12}},"187":{"start":{"line":188,"column":0},"end":{"line":188,"column":35}},"188":{"start":{"line":189,"column":0},"end":{"line":189,"column":112}},"190":{"start":{"line":191,"column":0},"end":{"line":191,"column":36}},"191":{"start":{"line":192,"column":0},"end":{"line":192,"column":116}},"194":{"start":{"line":195,"column":0},"end":{"line":195,"column":34}},"195":{"start":{"line":196,"column":0},"end":{"line":196,"column":14}},"196":{"start":{"line":197,"column":0},"end":{"line":197,"column":25}},"197":{"start":{"line":198,"column":0},"end":{"line":198,"column":32}},"198":{"start":{"line":199,"column":0},"end":{"line":199,"column":69}},"199":{"start":{"line":200,"column":0},"end":{"line":200,"column":10}},"200":{"start":{"line":201,"column":0},"end":{"line":201,"column":66}},"201":{"start":{"line":202,"column":0},"end":{"line":202,"column":14}},"203":{"start":{"line":204,"column":0},"end":{"line":204,"column":35}},"204":{"start":{"line":205,"column":0},"end":{"line":205,"column":29}},"205":{"start":{"line":206,"column":0},"end":{"line":206,"column":31}},"206":{"start":{"line":207,"column":0},"end":{"line":207,"column":41}},"207":{"start":{"line":208,"column":0},"end":{"line":208,"column":76}},"208":{"start":{"line":209,"column":0},"end":{"line":209,"column":12}},"209":{"start":{"line":210,"column":0},"end":{"line":210,"column":97}},"210":{"start":{"line":211,"column":0},"end":{"line":211,"column":50}},"211":{"start":{"line":212,"column":0},"end":{"line":212,"column":17}},"212":{"start":{"line":213,"column":0},"end":{"line":213,"column":12}},"213":{"start":{"line":214,"column":0},"end":{"line":214,"column":10}},"215":{"start":{"line":216,"column":0},"end":{"line":216,"column":1}}},"s":{"0":1,"12":1,"13":1,"14":1,"15":1,"16":1,"17":1,"19":1,"20":1,"21":1,"24":1,"26":1,"27":106,"28":106,"29":106,"30":106,"31":106,"32":106,"36":106,"37":106,"38":106,"39":106,"40":106,"41":106,"42":106,"43":106,"45":106,"46":106,"49":106,"50":13,"51":6,"52":13,"53":106,"55":106,"56":106,"57":106,"58":106,"60":106,"61":106,"63":106,"64":2,"65":2,"66":2,"67":2,"69":106,"70":4,"71":4,"72":4,"73":4,"74":4,"75":4,"76":4,"77":4,"78":4,"79":4,"81":106,"82":106,"83":106,"85":97,"86":97,"87":106,"88":0,"89":0,"90":0,"91":0,"92":0,"93":0,"94":0,"95":0,"96":0,"97":0,"98":0,"101":106,"102":106,"103":106,"104":106,"105":106,"106":106,"107":106,"108":291,"109":106,"110":106,"111":106,"112":106,"113":106,"114":194,"115":194,"116":582,"117":194,"118":194,"119":106,"120":106,"121":106,"122":106,"123":106,"124":106,"126":106,"127":106,"128":106,"129":106,"130":291,"131":291,"132":291,"133":291,"134":291,"136":291,"137":291,"138":106,"139":106,"140":106,"142":106,"143":106,"144":106,"145":106,"146":106,"148":106,"149":388,"150":388,"151":388,"152":106,"153":106,"154":106,"156":106,"157":106,"158":106,"159":106,"160":106,"161":106,"162":106,"163":106,"164":106,"166":106,"167":106,"169":106,"170":85,"171":85,"172":85,"173":85,"174":85,"175":85,"176":85,"177":85,"178":85,"181":106,"182":12,"183":12,"185":12,"187":106,"188":0,"190":106,"191":0,"194":106,"195":106,"196":106,"197":106,"198":106,"199":106,"200":106,"201":106,"203":106,"204":106,"205":106,"206":7,"207":90,"208":106,"209":106,"210":106,"211":106,"212":106,"213":106,"215":106},"branchMap":{"0":{"type":"branch","line":27,"loc":{"start":{"line":27,"column":7},"end":{"line":216,"column":1}},"locations":[{"start":{"line":27,"column":7},"end":{"line":216,"column":1}}]},"1":{"type":"branch","line":46,"loc":{"start":{"line":46,"column":31},"end":{"line":46,"column":51}},"locations":[{"start":{"line":46,"column":31},"end":{"line":46,"column":51}}]},"2":{"type":"branch","line":46,"loc":{"start":{"line":46,"column":37},"end":{"line":46,"column":54}},"locations":[{"start":{"line":46,"column":37},"end":{"line":46,"column":54}}]},"3":{"type":"branch","line":61,"loc":{"start":{"line":61,"column":27},"end":{"line":61,"column":65}},"locations":[{"start":{"line":61,"column":27},"end":{"line":61,"column":65}}]},"4":{"type":"branch","line":61,"loc":{"start":{"line":61,"column":44},"end":{"line":61,"column":89}},"locations":[{"start":{"line":61,"column":44},"end":{"line":61,"column":89}}]},"5":{"type":"branch","line":62,"loc":{"start":{"line":62,"column":21},"end":{"line":62,"column":57}},"locations":[{"start":{"line":62,"column":21},"end":{"line":62,"column":57}}]},"6":{"type":"branch","line":62,"loc":{"start":{"line":62,"column":52},"end":{"line":62,"column":92}},"locations":[{"start":{"line":62,"column":52},"end":{"line":62,"column":92}}]},"7":{"type":"branch","line":62,"loc":{"start":{"line":62,"column":86},"end":{"line":62,"column":137}},"locations":[{"start":{"line":62,"column":86},"end":{"line":62,"column":137}}]},"8":{"type":"branch","line":62,"loc":{"start":{"line":62,"column":93},"end":{"line":62,"column":137}},"locations":[{"start":{"line":62,"column":93},"end":{"line":62,"column":137}}]},"9":{"type":"branch","line":82,"loc":{"start":{"line":82,"column":6},"end":{"line":82,"column":36}},"locations":[{"start":{"line":82,"column":6},"end":{"line":82,"column":36}}]},"10":{"type":"branch","line":82,"loc":{"start":{"line":82,"column":36},"end":{"line":82,"column":101}},"locations":[{"start":{"line":82,"column":36},"end":{"line":82,"column":101}}]},"11":{"type":"branch","line":82,"loc":{"start":{"line":82,"column":98},"end":{"line":83,"column":20}},"locations":[{"start":{"line":82,"column":98},"end":{"line":83,"column":20}}]},"12":{"type":"branch","line":83,"loc":{"start":{"line":83,"column":13},"end":{"line":83,"column":75}},"locations":[{"start":{"line":83,"column":13},"end":{"line":83,"column":75}}]},"13":{"type":"branch","line":83,"loc":{"start":{"line":83,"column":72},"end":{"line":84,"column":23}},"locations":[{"start":{"line":83,"column":72},"end":{"line":84,"column":23}}]},"14":{"type":"branch","line":84,"loc":{"start":{"line":84,"column":16},"end":{"line":84,"column":55}},"locations":[{"start":{"line":84,"column":16},"end":{"line":84,"column":55}}]},"15":{"type":"branch","line":84,"loc":{"start":{"line":84,"column":46},"end":{"line":88,"column":18}},"locations":[{"start":{"line":84,"column":46},"end":{"line":88,"column":18}}]},"16":{"type":"branch","line":88,"loc":{"start":{"line":88,"column":7},"end":{"line":88,"column":53}},"locations":[{"start":{"line":88,"column":7},"end":{"line":88,"column":53}}]},"17":{"type":"branch","line":88,"loc":{"start":{"line":88,"column":47},"end":{"line":99,"column":16}},"locations":[{"start":{"line":88,"column":47},"end":{"line":99,"column":16}}]},"18":{"type":"branch","line":124,"loc":{"start":{"line":124,"column":17},"end":{"line":124,"column":65}},"locations":[{"start":{"line":124,"column":17},"end":{"line":124,"column":65}}]},"19":{"type":"branch","line":149,"loc":{"start":{"line":149,"column":23},"end":{"line":149,"column":45}},"locations":[{"start":{"line":149,"column":23},"end":{"line":149,"column":45}}]},"20":{"type":"branch","line":149,"loc":{"start":{"line":149,"column":32},"end":{"line":149,"column":66}},"locations":[{"start":{"line":149,"column":32},"end":{"line":149,"column":66}}]},"21":{"type":"branch","line":170,"loc":{"start":{"line":170,"column":7},"end":{"line":179,"column":16}},"locations":[{"start":{"line":170,"column":7},"end":{"line":179,"column":16}}]},"22":{"type":"branch","line":182,"loc":{"start":{"line":182,"column":21},"end":{"line":186,"column":12}},"locations":[{"start":{"line":182,"column":21},"end":{"line":186,"column":12}}]},"23":{"type":"branch","line":188,"loc":{"start":{"line":188,"column":21},"end":{"line":189,"column":112}},"locations":[{"start":{"line":188,"column":21},"end":{"line":189,"column":112}}]},"24":{"type":"branch","line":191,"loc":{"start":{"line":191,"column":21},"end":{"line":192,"column":116}},"locations":[{"start":{"line":191,"column":21},"end":{"line":192,"column":116}}]},"25":{"type":"branch","line":206,"loc":{"start":{"line":206,"column":30},"end":{"line":207,"column":41}},"locations":[{"start":{"line":206,"column":30},"end":{"line":207,"column":41}}]},"26":{"type":"branch","line":207,"loc":{"start":{"line":207,"column":14},"end":{"line":208,"column":76}},"locations":[{"start":{"line":207,"column":14},"end":{"line":208,"column":76}}]},"27":{"type":"branch","line":211,"loc":{"start":{"line":211,"column":11},"end":{"line":211,"column":40}},"locations":[{"start":{"line":211,"column":11},"end":{"line":211,"column":40}}]},"28":{"type":"branch","line":211,"loc":{"start":{"line":211,"column":24},"end":{"line":211,"column":50}},"locations":[{"start":{"line":211,"column":24},"end":{"line":211,"column":50}}]},"29":{"type":"branch","line":37,"loc":{"start":{"line":37,"column":29},"end":{"line":37,"column":65}},"locations":[{"start":{"line":37,"column":29},"end":{"line":37,"column":65}}]},"30":{"type":"branch","line":41,"loc":{"start":{"line":41,"column":4},"end":{"line":41,"column":66}},"locations":[{"start":{"line":41,"column":4},"end":{"line":41,"column":66}}]},"31":{"type":"branch","line":50,"loc":{"start":{"line":50,"column":12},"end":{"line":54,"column":5}},"locations":[{"start":{"line":50,"column":12},"end":{"line":54,"column":5}}]},"32":{"type":"branch","line":51,"loc":{"start":{"line":51,"column":18},"end":{"line":53,"column":33}},"locations":[{"start":{"line":51,"column":18},"end":{"line":53,"column":33}}]},"33":{"type":"branch","line":51,"loc":{"start":{"line":51,"column":18},"end":{"line":51,"column":25}},"locations":[{"start":{"line":51,"column":18},"end":{"line":51,"column":25}}]},"34":{"type":"branch","line":51,"loc":{"start":{"line":51,"column":18},"end":{"line":53,"column":33}},"locations":[{"start":{"line":51,"column":18},"end":{"line":53,"column":33}}]},"35":{"type":"branch","line":53,"loc":{"start":{"line":53,"column":29},"end":{"line":53,"column":35}},"locations":[{"start":{"line":53,"column":29},"end":{"line":53,"column":35}}]},"36":{"type":"branch","line":52,"loc":{"start":{"line":52,"column":39},"end":{"line":52,"column":77}},"locations":[{"start":{"line":52,"column":39},"end":{"line":52,"column":77}}]},"37":{"type":"branch","line":57,"loc":{"start":{"line":57,"column":4},"end":{"line":57,"column":62}},"locations":[{"start":{"line":57,"column":4},"end":{"line":57,"column":62}}]},"38":{"type":"branch","line":57,"loc":{"start":{"line":57,"column":26},"end":{"line":57,"column":60}},"locations":[{"start":{"line":57,"column":26},"end":{"line":57,"column":60}}]},"39":{"type":"branch","line":64,"loc":{"start":{"line":64,"column":23},"end":{"line":68,"column":4}},"locations":[{"start":{"line":64,"column":23},"end":{"line":68,"column":4}}]},"40":{"type":"branch","line":65,"loc":{"start":{"line":65,"column":15},"end":{"line":66,"column":98}},"locations":[{"start":{"line":65,"column":15},"end":{"line":66,"column":98}}]},"41":{"type":"branch","line":66,"loc":{"start":{"line":66,"column":29},"end":{"line":66,"column":77}},"locations":[{"start":{"line":66,"column":29},"end":{"line":66,"column":77}}]},"42":{"type":"branch","line":66,"loc":{"start":{"line":66,"column":73},"end":{"line":66,"column":98}},"locations":[{"start":{"line":66,"column":73},"end":{"line":66,"column":98}}]},"43":{"type":"branch","line":66,"loc":{"start":{"line":66,"column":48},"end":{"line":66,"column":73}},"locations":[{"start":{"line":66,"column":48},"end":{"line":66,"column":73}}]},"44":{"type":"branch","line":70,"loc":{"start":{"line":70,"column":17},"end":{"line":80,"column":4}},"locations":[{"start":{"line":70,"column":17},"end":{"line":80,"column":4}}]},"45":{"type":"branch","line":76,"loc":{"start":{"line":76,"column":25},"end":{"line":76,"column":58}},"locations":[{"start":{"line":76,"column":25},"end":{"line":76,"column":58}}]},"46":{"type":"branch","line":76,"loc":{"start":{"line":76,"column":44},"end":{"line":76,"column":61}},"locations":[{"start":{"line":76,"column":44},"end":{"line":76,"column":61}}]},"47":{"type":"branch","line":108,"loc":{"start":{"line":108,"column":37},"end":{"line":109,"column":48}},"locations":[{"start":{"line":108,"column":37},"end":{"line":109,"column":48}}]},"48":{"type":"branch","line":114,"loc":{"start":{"line":114,"column":39},"end":{"line":119,"column":21}},"locations":[{"start":{"line":114,"column":39},"end":{"line":119,"column":21}}]},"49":{"type":"branch","line":116,"loc":{"start":{"line":116,"column":39},"end":{"line":117,"column":61}},"locations":[{"start":{"line":116,"column":39},"end":{"line":117,"column":61}}]},"50":{"type":"branch","line":117,"loc":{"start":{"line":117,"column":48},"end":{"line":117,"column":56}},"locations":[{"start":{"line":117,"column":48},"end":{"line":117,"column":56}}]},"51":{"type":"branch","line":130,"loc":{"start":{"line":130,"column":31},"end":{"line":138,"column":21}},"locations":[{"start":{"line":130,"column":31},"end":{"line":138,"column":21}}]},"52":{"type":"branch","line":134,"loc":{"start":{"line":134,"column":55},"end":{"line":134,"column":76}},"locations":[{"start":{"line":134,"column":55},"end":{"line":134,"column":76}}]},"53":{"type":"branch","line":134,"loc":{"start":{"line":134,"column":59},"end":{"line":134,"column":78}},"locations":[{"start":{"line":134,"column":59},"end":{"line":134,"column":78}}]},"54":{"type":"branch","line":135,"loc":{"start":{"line":135,"column":23},"end":{"line":135,"column":50}},"locations":[{"start":{"line":135,"column":23},"end":{"line":135,"column":50}}]},"55":{"type":"branch","line":147,"loc":{"start":{"line":147,"column":20},"end":{"line":147,"column":81}},"locations":[{"start":{"line":147,"column":20},"end":{"line":147,"column":81}}]},"56":{"type":"branch","line":149,"loc":{"start":{"line":149,"column":70},"end":{"line":152,"column":21}},"locations":[{"start":{"line":149,"column":70},"end":{"line":152,"column":21}}]},"57":{"type":"branch","line":163,"loc":{"start":{"line":163,"column":20},"end":{"line":163,"column":66}},"locations":[{"start":{"line":163,"column":20},"end":{"line":163,"column":66}}]},"58":{"type":"branch","line":176,"loc":{"start":{"line":176,"column":22},"end":{"line":176,"column":68}},"locations":[{"start":{"line":176,"column":22},"end":{"line":176,"column":68}}]},"59":{"type":"branch","line":199,"loc":{"start":{"line":199,"column":20},"end":{"line":199,"column":69}},"locations":[{"start":{"line":199,"column":20},"end":{"line":199,"column":69}}]}},"b":{"0":[106],"1":[99],"2":[7],"3":[99],"4":[7],"5":[104],"6":[88],"7":[68],"8":[59],"9":[99],"10":[7],"11":[99],"12":[2],"13":[97],"14":[0],"15":[97],"16":[0],"17":[0],"18":[0],"19":[97],"20":[0],"21":[85],"22":[12],"23":[0],"24":[0],"25":[7],"26":[90],"27":[2],"28":[95],"29":[7],"30":[7],"31":[13],"32":[11],"33":[7],"34":[6],"35":[0],"36":[12],"37":[15],"38":[9],"39":[2],"40":[2],"41":[1],"42":[1],"43":[1],"44":[4],"45":[3],"46":[1],"47":[291],"48":[194],"49":[582],"50":[0],"51":[291],"52":[116],"53":[175],"54":[2],"55":[1],"56":[388],"57":[67],"58":[7],"59":[1]},"fnMap":{"0":{"name":"JobForm","decl":{"start":{"line":27,"column":7},"end":{"line":216,"column":1}},"loc":{"start":{"line":27,"column":7},"end":{"line":216,"column":1}},"line":27},"1":{"name":"JobForm.__vite_ssr_import_3__.useAsync.fallbackError","decl":{"start":{"line":37,"column":29},"end":{"line":37,"column":65}},"loc":{"start":{"line":37,"column":29},"end":{"line":37,"column":65}},"line":37},"2":{"name":"JobForm.__vite_ssr_import_3__.useAsync.fallbackError","decl":{"start":{"line":41,"column":4},"end":{"line":41,"column":66}},"loc":{"start":{"line":41,"column":4},"end":{"line":41,"column":66}},"line":41},"3":{"name":"toggleColumn","decl":{"start":{"line":64,"column":23},"end":{"line":68,"column":4}},"loc":{"start":{"line":64,"column":23},"end":{"line":68,"column":4}},"line":64},"4":{"name":"submit","decl":{"start":{"line":70,"column":17},"end":{"line":80,"column":4}},"loc":{"start":{"line":70,"column":17},"end":{"line":80,"column":4}},"line":70},"5":{"name":"onChange","decl":{"start":{"line":91,"column":42},"end":{"line":91,"column":83}},"loc":{"start":{"line":91,"column":42},"end":{"line":91,"column":83}},"line":91},"6":{"name":"onClick","decl":{"start":{"line":135,"column":23},"end":{"line":135,"column":50}},"loc":{"start":{"line":135,"column":23},"end":{"line":135,"column":50}},"line":135},"7":{"name":"onChange","decl":{"start":{"line":147,"column":20},"end":{"line":147,"column":81}},"loc":{"start":{"line":147,"column":20},"end":{"line":147,"column":81}},"line":147},"8":{"name":"onChange","decl":{"start":{"line":163,"column":20},"end":{"line":163,"column":66}},"loc":{"start":{"line":163,"column":20},"end":{"line":163,"column":66}},"line":163},"9":{"name":"onClick","decl":{"start":{"line":165,"column":60},"end":{"line":165,"column":103}},"loc":{"start":{"line":165,"column":60},"end":{"line":165,"column":103}},"line":165},"10":{"name":"onChange","decl":{"start":{"line":176,"column":22},"end":{"line":176,"column":68}},"loc":{"start":{"line":176,"column":22},"end":{"line":176,"column":68}},"line":176},"11":{"name":"onChange","decl":{"start":{"line":199,"column":20},"end":{"line":199,"column":69}},"loc":{"start":{"line":199,"column":20},"end":{"line":199,"column":69}},"line":199}},"f":{"0":106,"1":7,"2":7,"3":2,"4":4,"5":0,"6":2,"7":1,"8":67,"9":0,"10":7,"11":1}}
,"C:\\Data\\Own\\OwnProjects\\Regex\\regex-matching\\frontend\\src\\components\\JobHistory.tsx": {"path":"C:\\Data\\Own\\OwnProjects\\Regex\\regex-matching\\frontend\\src\\components\\JobHistory.tsx","all":false,"statementMap":{"0":{"start":{"line":1,"column":0},"end":{"line":1,"column":36}},"11":{"start":{"line":12,"column":0},"end":{"line":12,"column":74}},"14":{"start":{"line":15,"column":0},"end":{"line":15,"column":28}},"15":{"start":{"line":16,"column":0},"end":{"line":16,"column":40}},"16":{"start":{"line":17,"column":0},"end":{"line":17,"column":32}},"17":{"start":{"line":18,"column":0},"end":{"line":18,"column":4}},"18":{"start":{"line":19,"column":0},"end":{"line":19,"column":35}},"20":{"start":{"line":21,"column":0},"end":{"line":21,"column":37}},"22":{"start":{"line":23,"column":0},"end":{"line":23,"column":10}},"23":{"start":{"line":24,"column":0},"end":{"line":24,"column":31}},"24":{"start":{"line":25,"column":0},"end":{"line":25,"column":26}},"25":{"start":{"line":26,"column":0},"end":{"line":26,"column":10}},"26":{"start":{"line":27,"column":0},"end":{"line":27,"column":28}},"27":{"start":{"line":28,"column":0},"end":{"line":28,"column":27}},"28":{"start":{"line":29,"column":0},"end":{"line":29,"column":19}},"29":{"start":{"line":30,"column":0},"end":{"line":30,"column":27}},"30":{"start":{"line":31,"column":0},"end":{"line":31,"column":93}},"31":{"start":{"line":32,"column":0},"end":{"line":32,"column":44}},"33":{"start":{"line":34,"column":0},"end":{"line":34,"column":48}},"34":{"start":{"line":35,"column":0},"end":{"line":35,"column":74}},"35":{"start":{"line":36,"column":0},"end":{"line":36,"column":38}},"36":{"start":{"line":37,"column":0},"end":{"line":37,"column":21}},"37":{"start":{"line":38,"column":0},"end":{"line":38,"column":44}},"38":{"start":{"line":39,"column":0},"end":{"line":39,"column":104}},"39":{"start":{"line":40,"column":0},"end":{"line":40,"column":21}},"40":{"start":{"line":41,"column":0},"end":{"line":41,"column":21}},"41":{"start":{"line":42,"column":0},"end":{"line":42,"column":15}},"42":{"start":{"line":43,"column":0},"end":{"line":43,"column":11}},"43":{"start":{"line":44,"column":0},"end":{"line":44,"column":11}},"44":{"start":{"line":45,"column":0},"end":{"line":45,"column":12}},"46":{"start":{"line":47,"column":0},"end":{"line":47,"column":1}}},"s":{"0":1,"11":1,"14":21,"15":21,"16":21,"17":21,"18":21,"20":21,"22":0,"23":0,"24":0,"25":0,"26":0,"27":0,"28":0,"29":0,"30":0,"31":0,"33":0,"34":0,"35":0,"36":0,"37":0,"38":0,"39":0,"40":0,"41":0,"42":0,"43":0,"44":0,"46":0},"branchMap":{"0":{"type":"branch","line":12,"loc":{"start":{"line":12,"column":7},"end":{"line":47,"column":1}},"locations":[{"start":{"line":12,"column":7},"end":{"line":47,"column":1}}]},"1":{"type":"branch","line":19,"loc":{"start":{"line":19,"column":15},"end":{"line":19,"column":32}},"locations":[{"start":{"line":19,"column":15},"end":{"line":19,"column":32}}]},"2":{"type":"branch","line":19,"loc":{"start":{"line":19,"column":21},"end":{"line":19,"column":35}},"locations":[{"start":{"line":19,"column":21},"end":{"line":19,"column":35}}]},"3":{"type":"branch","line":21,"loc":{"start":{"line":21,"column":32},"end":{"line":47,"column":1}},"locations":[{"start":{"line":21,"column":32},"end":{"line":47,"column":1}}]},"4":{"type":"branch","line":16,"loc":{"start":{"line":16,"column":4},"end":{"line":16,"column":40}},"locations":[{"start":{"line":16,"column":4},"end":{"line":16,"column":40}}]}},"b":{"0":[21],"1":[18],"2":[3],"3":[0],"4":[5]},"fnMap":{"0":{"name":"JobHistory","decl":{"start":{"line":12,"column":7},"end":{"line":47,"column":1}},"loc":{"start":{"line":12,"column":7},"end":{"line":47,"column":1}},"line":12}},"f":{"0":21}}
,"C:\\Data\\Own\\OwnProjects\\Regex\\regex-matching\\frontend\\src\\components\\JobMonitor.tsx": {"path":"C:\\Data\\Own\\OwnProjects\\Regex\\regex-matching\\frontend\\src\\components\\JobMonitor.tsx","all":false,"statementMap":{"0":{"start":{"line":1,"column":0},"end":{"line":1,"column":40}},"12":{"start":{"line":13,"column":0},"end":{"line":13,"column":77}},"13":{"start":{"line":14,"column":0},"end":{"line":14,"column":70}},"14":{"start":{"line":15,"column":0},"end":{"line":15,"column":26}},"16":{"start":{"line":17,"column":0},"end":{"line":17,"column":10}},"17":{"start":{"line":18,"column":0},"end":{"line":18,"column":29}},"18":{"start":{"line":19,"column":0},"end":{"line":19,"column":35}},"19":{"start":{"line":20,"column":0},"end":{"line":20,"column":33}},"20":{"start":{"line":21,"column":0},"end":{"line":21,"column":44}},"21":{"start":{"line":22,"column":0},"end":{"line":22,"column":61}},"22":{"start":{"line":23,"column":0},"end":{"line":23,"column":81}},"23":{"start":{"line":24,"column":0},"end":{"line":24,"column":14}},"24":{"start":{"line":25,"column":0},"end":{"line":25,"column":21}},"25":{"start":{"line":26,"column":0},"end":{"line":26,"column":99}},"26":{"start":{"line":27,"column":0},"end":{"line":27,"column":55}},"27":{"start":{"line":28,"column":0},"end":{"line":28,"column":19}},"29":{"start":{"line":30,"column":0},"end":{"line":30,"column":12}},"31":{"start":{"line":32,"column":0},"end":{"line":32,"column":82}},"32":{"start":{"line":33,"column":0},"end":{"line":33,"column":49}},"33":{"start":{"line":34,"column":0},"end":{"line":34,"column":32}},"34":{"start":{"line":35,"column":0},"end":{"line":35,"column":54}},"35":{"start":{"line":36,"column":0},"end":{"line":36,"column":12}},"37":{"start":{"line":38,"column":0},"end":{"line":38,"column":72}},"39":{"start":{"line":40,"column":0},"end":{"line":40,"column":35}},"40":{"start":{"line":41,"column":0},"end":{"line":41,"column":90}},"43":{"start":{"line":44,"column":0},"end":{"line":44,"column":38}},"44":{"start":{"line":45,"column":0},"end":{"line":45,"column":102}},"47":{"start":{"line":48,"column":0},"end":{"line":48,"column":25}},"48":{"start":{"line":49,"column":0},"end":{"line":49,"column":36}},"49":{"start":{"line":50,"column":0},"end":{"line":50,"column":39}},"50":{"start":{"line":51,"column":0},"end":{"line":51,"column":38}},"51":{"start":{"line":52,"column":0},"end":{"line":52,"column":37}},"52":{"start":{"line":53,"column":0},"end":{"line":53,"column":87}},"53":{"start":{"line":54,"column":0},"end":{"line":54,"column":96}},"54":{"start":{"line":55,"column":0},"end":{"line":55,"column":103}},"55":{"start":{"line":56,"column":0},"end":{"line":56,"column":106}},"56":{"start":{"line":57,"column":0},"end":{"line":57,"column":18}},"57":{"start":{"line":58,"column":0},"end":{"line":58,"column":16}},"58":{"start":{"line":59,"column":0},"end":{"line":59,"column":54}},"59":{"start":{"line":60,"column":0},"end":{"line":60,"column":42}},"60":{"start":{"line":61,"column":0},"end":{"line":61,"column":33}},"61":{"start":{"line":62,"column":0},"end":{"line":62,"column":70}},"62":{"start":{"line":63,"column":0},"end":{"line":63,"column":16}},"64":{"start":{"line":65,"column":0},"end":{"line":65,"column":43}},"65":{"start":{"line":66,"column":0},"end":{"line":66,"column":65}},"67":{"start":{"line":68,"column":0},"end":{"line":68,"column":83}},"68":{"start":{"line":69,"column":0},"end":{"line":69,"column":47}},"69":{"start":{"line":70,"column":0},"end":{"line":70,"column":55}},"70":{"start":{"line":71,"column":0},"end":{"line":71,"column":100}},"71":{"start":{"line":72,"column":0},"end":{"line":72,"column":69}},"72":{"start":{"line":73,"column":0},"end":{"line":73,"column":16}},"73":{"start":{"line":74,"column":0},"end":{"line":74,"column":41}},"74":{"start":{"line":75,"column":0},"end":{"line":75,"column":37}},"75":{"start":{"line":76,"column":0},"end":{"line":76,"column":48}},"76":{"start":{"line":77,"column":0},"end":{"line":77,"column":48}},"77":{"start":{"line":78,"column":0},"end":{"line":78,"column":17}},"78":{"start":{"line":79,"column":0},"end":{"line":79,"column":17}},"80":{"start":{"line":81,"column":0},"end":{"line":81,"column":14}},"83":{"start":{"line":84,"column":0},"end":{"line":84,"column":28}},"84":{"start":{"line":85,"column":0},"end":{"line":85,"column":13}},"85":{"start":{"line":86,"column":0},"end":{"line":86,"column":33}},"86":{"start":{"line":87,"column":0},"end":{"line":87,"column":72}},"87":{"start":{"line":88,"column":0},"end":{"line":88,"column":14}},"88":{"start":{"line":89,"column":0},"end":{"line":89,"column":13}},"89":{"start":{"line":90,"column":0},"end":{"line":90,"column":33}},"90":{"start":{"line":91,"column":0},"end":{"line":91,"column":111}},"91":{"start":{"line":92,"column":0},"end":{"line":92,"column":14}},"92":{"start":{"line":93,"column":0},"end":{"line":93,"column":13}},"93":{"start":{"line":94,"column":0},"end":{"line":94,"column":29}},"94":{"start":{"line":95,"column":0},"end":{"line":95,"column":88}},"95":{"start":{"line":96,"column":0},"end":{"line":96,"column":14}},"96":{"start":{"line":97,"column":0},"end":{"line":97,"column":13}},"97":{"start":{"line":98,"column":0},"end":{"line":98,"column":27}},"98":{"start":{"line":99,"column":0},"end":{"line":99,"column":84}},"99":{"start":{"line":100,"column":0},"end":{"line":100,"column":14}},"100":{"start":{"line":101,"column":0},"end":{"line":101,"column":11}},"101":{"start":{"line":102,"column":0},"end":{"line":102,"column":10}},"103":{"start":{"line":104,"column":0},"end":{"line":104,"column":1}}},"s":{"0":1,"12":1,"13":3,"14":3,"16":3,"17":3,"18":3,"19":3,"20":3,"21":3,"22":3,"23":3,"24":3,"25":1,"26":1,"27":1,"29":3,"31":3,"32":3,"33":3,"34":3,"35":3,"37":3,"39":3,"40":0,"43":3,"44":0,"47":3,"48":3,"49":3,"50":3,"51":3,"52":3,"53":3,"54":3,"55":3,"56":3,"57":3,"58":3,"59":3,"60":0,"61":0,"62":0,"64":3,"65":0,"67":3,"68":3,"69":3,"70":3,"71":3,"72":3,"73":3,"74":0,"75":0,"76":0,"77":0,"78":0,"80":3,"83":3,"84":3,"85":3,"86":3,"87":3,"88":3,"89":3,"90":3,"91":3,"92":3,"93":3,"94":3,"95":3,"96":3,"97":3,"98":3,"99":3,"100":3,"101":3,"103":3},"branchMap":{"0":{"type":"branch","line":13,"loc":{"start":{"line":13,"column":7},"end":{"line":104,"column":1}},"locations":[{"start":{"line":13,"column":7},"end":{"line":104,"column":1}}]},"1":{"type":"branch","line":23,"loc":{"start":{"line":23,"column":25},"end":{"line":23,"column":81}},"locations":[{"start":{"line":23,"column":25},"end":{"line":23,"column":81}}]},"2":{"type":"branch","line":25,"loc":{"start":{"line":25,"column":9},"end":{"line":28,"column":19}},"locations":[{"start":{"line":25,"column":9},"end":{"line":28,"column":19}}]},"3":{"type":"branch","line":27,"loc":{"start":{"line":27,"column":13},"end":{"line":27,"column":42}},"locations":[{"start":{"line":27,"column":13},"end":{"line":27,"column":42}}]},"4":{"type":"branch","line":38,"loc":{"start":{"line":38,"column":7},"end":{"line":38,"column":72}},"locations":[{"start":{"line":38,"column":7},"end":{"line":38,"column":72}}]},"5":{"type":"branch","line":40,"loc":{"start":{"line":40,"column":22},"end":{"line":41,"column":90}},"locations":[{"start":{"line":40,"column":22},"end":{"line":41,"column":90}}]},"6":{"type":"branch","line":44,"loc":{"start":{"line":44,"column":22},"end":{"line":45,"column":102}},"locations":[{"start":{"line":44,"column":22},"end":{"line":45,"column":102}}]},"7":{"type":"branch","line":53,"loc":{"start":{"line":53,"column":21},"end":{"line":53,"column":87}},"locations":[{"start":{"line":53,"column":21},"end":{"line":53,"column":87}}]},"8":{"type":"branch","line":56,"loc":{"start":{"line":56,"column":42},"end":{"line":56,"column":106}},"locations":[{"start":{"line":56,"column":42},"end":{"line":56,"column":106}}]},"9":{"type":"branch","line":60,"loc":{"start":{"line":60,"column":17},"end":{"line":63,"column":16}},"locations":[{"start":{"line":60,"column":17},"end":{"line":63,"column":16}}]},"10":{"type":"branch","line":65,"loc":{"start":{"line":65,"column":29},"end":{"line":66,"column":65}},"locations":[{"start":{"line":65,"column":29},"end":{"line":66,"column":65}}]},"11":{"type":"branch","line":74,"loc":{"start":{"line":74,"column":35},"end":{"line":79,"column":17}},"locations":[{"start":{"line":74,"column":35},"end":{"line":79,"column":17}}]},"12":{"type":"branch","line":87,"loc":{"start":{"line":87,"column":59},"end":{"line":87,"column":67}},"locations":[{"start":{"line":87,"column":59},"end":{"line":87,"column":67}}]},"13":{"type":"branch","line":91,"loc":{"start":{"line":91,"column":65},"end":{"line":91,"column":106}},"locations":[{"start":{"line":91,"column":65},"end":{"line":91,"column":106}}]},"14":{"type":"branch","line":95,"loc":{"start":{"line":95,"column":73},"end":{"line":95,"column":83}},"locations":[{"start":{"line":95,"column":73},"end":{"line":95,"column":83}}]},"15":{"type":"branch","line":99,"loc":{"start":{"line":99,"column":39},"end":{"line":99,"column":75}},"locations":[{"start":{"line":99,"column":39},"end":{"line":99,"column":75}}]}},"b":{"0":[3],"1":[0],"2":[1],"3":[0],"4":[0],"5":[0],"6":[0],"7":[0],"8":[0],"9":[0],"10":[0],"11":[0],"12":[0],"13":[0],"14":[0],"15":[0]},"fnMap":{"0":{"name":"JobMonitor","decl":{"start":{"line":13,"column":7},"end":{"line":104,"column":1}},"loc":{"start":{"line":13,"column":7},"end":{"line":104,"column":1}},"line":13}},"f":{"0":3}}
,"C:\\Data\\Own\\OwnProjects\\Regex\\regex-matching\\frontend\\src\\components\\ResultTable.tsx": {"path":"C:\\Data\\Own\\OwnProjects\\Regex\\regex-matching\\frontend\\src\\components\\ResultTable.tsx","all":false,"statementMap":{"0":{"start":{"line":1,"column":0},"end":{"line":1,"column":33}},"6":{"start":{"line":7,"column":0},"end":{"line":7,"column":38}},"8":{"start":{"line":9,"column":0},"end":{"line":9,"column":59}},"9":{"start":{"line":10,"column":0},"end":{"line":10,"column":38}},"10":{"start":{"line":11,"column":0},"end":{"line":11,"column":47}},"12":{"start":{"line":13,"column":0},"end":{"line":13,"column":44}},"13":{"start":{"line":14,"column":0},"end":{"line":14,"column":58}},"14":{"start":{"line":15,"column":0},"end":{"line":15,"column":28}},"15":{"start":{"line":16,"column":0},"end":{"line":16,"column":49}},"16":{"start":{"line":17,"column":0},"end":{"line":17,"column":4}},"20":{"start":{"line":21,"column":0},"end":{"line":21,"column":71}},"21":{"start":{"line":22,"column":0},"end":{"line":22,"column":67}},"22":{"start":{"line":23,"column":0},"end":{"line":23,"column":50}},"23":{"start":{"line":24,"column":0},"end":{"line":24,"column":30}},"24":{"start":{"line":25,"column":0},"end":{"line":25,"column":92}},"25":{"start":{"line":26,"column":0},"end":{"line":26,"column":3}},"27":{"start":{"line":28,"column":0},"end":{"line":28,"column":44}},"29":{"start":{"line":30,"column":0},"end":{"line":30,"column":10}},"30":{"start":{"line":31,"column":0},"end":{"line":31,"column":28}},"31":{"start":{"line":32,"column":0},"end":{"line":32,"column":35}},"32":{"start":{"line":33,"column":0},"end":{"line":33,"column":29}},"33":{"start":{"line":34,"column":0},"end":{"line":34,"column":96}},"34":{"start":{"line":35,"column":0},"end":{"line":35,"column":80}},"35":{"start":{"line":36,"column":0},"end":{"line":36,"column":12}},"36":{"start":{"line":37,"column":0},"end":{"line":37,"column":40}},"37":{"start":{"line":38,"column":0},"end":{"line":38,"column":54}},"38":{"start":{"line":39,"column":0},"end":{"line":39,"column":17}},"39":{"start":{"line":40,"column":0},"end":{"line":40,"column":28}},"40":{"start":{"line":41,"column":0},"end":{"line":41,"column":34}},"41":{"start":{"line":42,"column":0},"end":{"line":42,"column":54}},"42":{"start":{"line":43,"column":0},"end":{"line":43,"column":25}},"43":{"start":{"line":44,"column":0},"end":{"line":44,"column":14}},"45":{"start":{"line":46,"column":0},"end":{"line":46,"column":39}},"46":{"start":{"line":47,"column":0},"end":{"line":47,"column":46}},"47":{"start":{"line":48,"column":0},"end":{"line":48,"column":22}},"48":{"start":{"line":49,"column":0},"end":{"line":49,"column":23}},"49":{"start":{"line":50,"column":0},"end":{"line":50,"column":15}},"50":{"start":{"line":51,"column":0},"end":{"line":51,"column":19}},"51":{"start":{"line":52,"column":0},"end":{"line":52,"column":16}},"52":{"start":{"line":53,"column":0},"end":{"line":53,"column":12}},"54":{"start":{"line":55,"column":0},"end":{"line":55,"column":36}},"55":{"start":{"line":56,"column":0},"end":{"line":56,"column":38}},"56":{"start":{"line":57,"column":0},"end":{"line":57,"column":17}},"57":{"start":{"line":58,"column":0},"end":{"line":58,"column":16}},"58":{"start":{"line":59,"column":0},"end":{"line":59,"column":44}},"59":{"start":{"line":60,"column":0},"end":{"line":60,"column":45}},"60":{"start":{"line":61,"column":0},"end":{"line":61,"column":89}},"61":{"start":{"line":62,"column":0},"end":{"line":62,"column":26}},"62":{"start":{"line":63,"column":0},"end":{"line":63,"column":81}},"63":{"start":{"line":64,"column":0},"end":{"line":64,"column":21}},"64":{"start":{"line":65,"column":0},"end":{"line":65,"column":17}},"65":{"start":{"lin
[...]
,"C:\\Data\\Own\\OwnProjects\\Regex\\regex-matching\\frontend\\src\\components\\ui\\Spinner.tsx": {"path":"C:\\Data\\Own\\OwnProjects\\Regex\\regex-matching\\frontend\\src\\components\\ui\\Spinner.tsx","all":false,"statementMap":{"0":{"start":{"line":1,"column":0},"end":{"line":1,"column":56}},"1":{"start":{"line":2,"column":0},"end":{"line":2,"column":10}},"2":{"start":{"line":3,"column":0},"end":{"line":3,"column":33}},"3":{"start":{"line":4,"column":0},"end":{"line":4,"column":53}},"4":{"start":{"line":5,"column":0},"end":{"line":5,"column":55}},"5":{"start":{"line":6,"column":0},"end":{"line":6,"column":10}},"7":{"start":{"line":8,"column":0},"end":{"line":8,"column":1}}},"s":{"0":1,"1":15,"2":15,"3":15,"4":15,"5":15,"7":15},"branchMap":{"0":{"type":"branch","line":1,"loc":{"start":{"line":1,"column":7},"end":{"line":8,"column":1}},"locations":[{"start":{"line":1,"column":7},"end":{"line":8,"column":1}}]}},"b":{"0":[15]},"fnMap":{"0":{"name":"Spinner","decl":{"start":{"line":1,"column":7},"end":{"line":8,"column":1}},"loc":{"start":{"line":1,"column":7},"end":{"line":8,"column":1}},"line":1}},"f":{"0":15}}
,"C:\\Data\\Own\\OwnProjects\\Regex\\regex-matching\\frontend\\src\\components\\ui\\Step.tsx": {"path":"C:\\Data\\Own\\OwnProjects\\Regex\\regex-matching\\frontend\\src\\components\\ui\\Step.tsx","all":false,"statementMap":{"0":{"start":{"line":1,"column":0},"end":{"line":1,"column":39}},"10":{"start":{"line":11,"column":0},"end":{"line":11,"column":63}},"11":{"start":{"line":12,"column":0},"end":{"line":12,"column":10}},"12":{"start":{"line":13,"column":0},"end":{"line":13,"column":30}},"13":{"start":{"line":14,"column":0},"end":{"line":14,"column":36}},"14":{"start":{"line":15,"column":0},"end":{"line":15,"column":93}},"15":{"start":{"line":16,"column":0},"end":{"line":16,"column":24}},"16":{"start":{"line":17,"column":0},"end":{"line":17,"column":15}},"17":{"start":{"line":18,"column":0},"end":{"line":18,"column":49}},"18":{"start":{"line":19,"column":0},"end":{"line":19,"column":14}},"20":{"start":{"line":21,"column":0},"end":{"line":21,"column":1}}},"s":{"0":1,"10":1,"11":29,"12":29,"13":29,"14":29,"15":29,"16":29,"17":29,"18":29,"20":29},"branchMap":{"0":{"type":"branch","line":11,"loc":{"start":{"line":11,"column":7},"end":{"line":21,"column":1}},"locations":[{"start":{"line":11,"column":7},"end":{"line":21,"column":1}}]},"1":{"type":"branch","line":15,"loc":{"start":{"line":15,"column":38},"end":{"line":15,"column":60}},"locations":[{"start":{"line":15,"column":38},"end":{"line":15,"column":60}}]},"2":{"type":"branch","line":15,"loc":{"start":{"line":15,"column":45},"end":{"line":15,"column":62}},"locations":[{"start":{"line":15,"column":45},"end":{"line":15,"column":62}}]},"3":{"type":"branch","line":15,"loc":{"start":{"line":15,"column":67},"end":{"line":15,"column":80}},"locations":[{"start":{"line":15,"column":67},"end":{"line":15,"column":80}}]},"4":{"type":"branch","line":15,"loc":{"start":{"line":15,"column":74},"end":{"line":15,"column":86}},"locations":[{"start":{"line":15,"column":74},"end":{"line":15,"column":86}}]}},"b":{"0":[29],"1":[17],"2":[12],"3":[17],"4":[12]},"fnMap":{"0":{"name":"Step","decl":{"start":{"line":11,"column":7},"end":{"line":21,"column":1}},"loc":{"start":{"line":11,"column":7},"end":{"line":21,"column":1}},"line":11}},"f":{"0":29}}
,"C:\\Data\\Own\\OwnProjects\\Regex\\regex-matching\\frontend\\src\\components\\ui\\index.ts": {"path":"C:\\Data\\Own\\OwnProjects\\Regex\\regex-matching\\frontend\\src\\components\\ui\\index.ts","all":false,"statementMap":{"0":{"start":{"line":1,"column":0},"end":{"line":1,"column":3}}},"s":{"0":1},"branchMap":{},"b":{},"fnMap":{},"f":{}}
,"C:\\Data\\Own\\OwnProjects\\Regex\\regex-matching\\frontend\\src\\hooks\\useAsync.ts": {"path":"C:\\Data\\Own\\OwnProjects\\Regex\\regex-matching\\frontend\\src\\hooks\\useAsync.ts","all":false,"statementMap":{"0":{"start":{"line":1,"column":0},"end":{"line":1,"column":86}},"29":{"start":{"line":30,"column":0},"end":{"line":30,"column":28}},"30":{"start":{"line":31,"column":0},"end":{"line":31,"column":44}},"31":{"start":{"line":32,"column":0},"end":{"line":32,"column":23}},"32":{"start":{"line":33,"column":0},"end":{"line":33,"column":59}},"33":{"start":{"line":34,"column":0},"end":{"line":34,"column":18}},"34":{"start":{"line":35,"column":0},"end":{"line":35,"column":51}},"35":{"start":{"line":36,"column":0},"end":{"line":36,"column":47}},"36":{"start":{"line":37,"column":0},"end":{"line":37,"column":58}},"37":{"start":{"line":38,"column":0},"end":{"line":38,"column":40}},"41":{"start":{"line":42,"column":0},"end":{"line":42,"column":31}},"42":{"start":{"line":43,"column":0},"end":{"line":43,"column":19}},"43":{"start":{"line":44,"column":0},"end":{"line":44,"column":27}},"44":{"start":{"line":45,"column":0},"end":{"line":45,"column":5}},"46":{"start":{"line":47,"column":0},"end":{"line":47,"column":19}},"47":{"start":{"line":48,"column":0},"end":{"line":48,"column":45}},"48":{"start":{"line":49,"column":0},"end":{"line":49,"column":22}},"50":{"start":{"line":51,"column":0},"end":{"line":51,"column":21}},"51":{"start":{"line":52,"column":0},"end":{"line":52,"column":19}},"53":{"start":{"line":54,"column":0},"end":{"line":54,"column":44}},"54":{"start":{"line":55,"column":0},"end":{"line":55,"column":18}},"55":{"start":{"line":56,"column":0},"end":{"line":56,"column":28}},"56":{"start":{"line":57,"column":0},"end":{"line":57,"column":23}},"57":{"start":{"line":58,"column":0},"end":{"line":58,"column":26}},"58":{"start":{"line":59,"column":0},"end":{"line":59,"column":8}},"59":{"start":{"line":60,"column":0},"end":{"line":60,"column":27}},"60":{"start":{"line":61,"column":0},"end":{"line":61,"column":57}},"61":{"start":{"line":62,"column":0},"end":{"line":62,"column":76}},"62":{"start":{"line":63,"column":0},"end":{"line":63,"column":26}},"63":{"start":{"line":64,"column":0},"end":{"line":64,"column":8}},"64":{"start":{"line":65,"column":0},"end":{"line":65,"column":6}},"66":{"start":{"line":67,"column":0},"end":{"line":67,"column":18}},"67":{"start":{"line":68,"column":0},"end":{"line":68,"column":21}},"68":{"start":{"line":69,"column":0},"end":{"line":69,"column":25}},"69":{"start":{"line":70,"column":0},"end":{"line":70,"column":6}},"71":{"start":{"line":72,"column":0},"end":{"line":72,"column":23}},"73":{"start":{"line":74,"column":0},"end":{"line":74,"column":75}},"74":{"start":{"line":75,"column":0},"end":{"line":75,"column":59}},"76":{"start":{"line":77,"column":0},"end":{"line":77,"column":54}},"77":{"start":{"line":78,"column":0},"end":{"line":78,"column":1}}},"s":{"0":1,"29":1,"30":298,"31":298,"32":298,"33":298,"34":298,"35":298,"36":298,"37":298,"41":298,"42":298,"43":289,"44":298,"46":298,"47":41,"48":41,"50":41,"51":41,"53":41,"54":41,"55":36,"56":35,"57":35,"58":36,"59":41,"60":5,"61":5,"62":5,"63":5,"64":41,"66":41,"67":41,"68":41,"69":41,"71":298,"73":298,"74":298,"76":298,"77":298},"branchMap":{"0":{"type":"branch","line":30,"loc":{"start":{"line":30,"column":7},"end":{"line":78,"column":1}},"locations":[{"start":{"line":30,"column":7},"end":{"line":78,"column":1}}]},"1":{"type":"branch","line":43,"loc":{"start":{"line":43,"column":12},"end":{"line":45,"column":3}},"locations":[{"start":{"line":43,"column":12},"end":{"line":45,"column":3}}]},"2":{"type":"branch","line":47,"loc":{"start":{"line":47,"column":12},"end":{"line":72,"column":5}},"locations":[{"start":{"line":47,"column":12},"end":{"line":72,"column":5}}]},"3":{"type":"branch","line":55,"loc":{"start":{"line":55,"column":6},"end":{"line":59,"column":8}},"locations":[{"start":{"line":55,"column":6},"end":{"line":59,"column":8}}]},"4":{"type":"branch","line":56,"loc":{"start":{"line":56,"column":21},"end":{"line":56,"column":28}},"locations":[{"start":{"line":56,"column":21},"end":{"line":56,"column":28}}]},"5":{"type":"branch","line":56,"loc":{"start":{"line":56,"column":21},"end":{"line":58,"column":26}},"locations":[{"start":{"line":56,"column":21},"end":{"line":58,"column":26}}]},"6":{"type":"branch","line":60,"loc":{"start":{"line":60,"column":6},"end":{"line":64,"column":8}},"locations":[{"start":{"line":60,"column":6},"end":{"line":64,"column":8}}]},"7":{"type":"branch","line":61,"loc":{"start":{"line":61,"column":50},"end":{"line":61,"column":57}},"locations":[{"start":{"line":61,"column":50},"end":{"line":61,"column":57}}]},"8":{"type":"branch","line":62,"loc":{"start":{"line":62,"column":34},"end":{"line":62,"column":61}},"locations":[{"start":{"line":62,"column":34},"end":{"line":62,"column":61}}]},"9":{"type":"branch","line":62,"loc":{"start":{"line":62,"column":51},"end":{"line":62,"column":74}},"locations":[{"start":{"line":62,"column":51},"end":{"line":62,"column":74}}]},"10":{"type":"branch","line":67,"loc":{"start":{"line":67,"column":11},"end":{"line":70,"column":6}},"locations":[{"start":{"line":67,"column":11},"end":{"line":70,"column":6}}]},"11":{"type":"branch","line":74,"loc":{"start":{"line":74,"column":29},"end":{"line":74,"column":71}},"locations":[{"start":{"line":74,"column":29},"end":{"line":74,"column":71}}]},"12":{"type":"branch","line":74,"loc":{"start":{"line":74,"column":44},"end":{"line":74,"column":68}},"locations":[{"start":{"line":74,"column":44},"end":{"line":74,"column":68}}]},"13":{"type":"branch","line":75,"loc":{"start":{"line":75,"column":33},"end":{"line":75,"column":55}},"locations":[{"start":{"line":75,"column":33},"end":{"line":75,"column":55}}]}},"b":{"0":[298],"1":[289],"2":[41],"3":[36],"4":[1],"5":[35],"6":[5],"7":[0],"8":[4],"9":[1],"10":[41],"11":[1],"12":[1],"13":[1]},"fnMap":{"0":{"name":"useAsync","decl":{"start":{"line":30,"column":7},"end":{"line":78,"column":1}},"loc":{"start":{"line":30,"column":7},"end":{"line":78,"column":1}},"line":30}},"f":{"0":298}}
,"C:\\Data\\Own\\OwnProjects\\Regex\\regex-matching\\frontend\\src\\hooks\\useJobPolling.ts": {"path":"C:\\Data\\Own\\OwnProjects\\Regex\\regex-matching\\frontend\\src\\hooks\\useJobPolling.ts","all":false,"statementMap":{"0":{"start":{"line":1,"column":0},"end":{"line":1,"column":65}},"4":{"start":{"line":5,"column":0},"end":{"line":5,"column":61}},"15":{"start":{"line":16,"column":0},"end":{"line":16,"column":53}},"16":{"start":{"line":17,"column":0},"end":{"line":17,"column":51}},"17":{"start":{"line":18,"column":0},"end":{"line":18,"column":58}},"18":{"start":{"line":19,"column":0},"end":{"line":19,"column":29}},"19":{"start":{"line":20,"column":0},"end":{"line":20,"column":38}},"21":{"start":{"line":22,"column":0},"end":{"line":22,"column":63}},"22":{"start":{"line":23,"column":0},"end":{"line":23,"column":28}},"23":{"start":{"line":24,"column":0},"end":{"line":24,"column":50}},"24":{"start":{"line":25,"column":0},"end":{"line":25,"column":18}},"25":{"start":{"line":26,"column":0},"end":{"line":26,"column":17}},"26":{"start":{"line":27,"column":0},"end":{"line":27,"column":14}},"28":{"start":{"line":29,"column":0},"end":{"line":29,"column":19}},"29":{"start":{"line":30,"column":0},"end":{"line":30,"column":17}},"30":{"start":{"line":31,"column":0},"end":{"line":31,"column":19}},"31":{"start":{"line":32,"column":0},"end":{"line":32,"column":21}},"32":{"start":{"line":33,"column":0},"end":{"line":33,"column":13}},"33":{"start":{"line":34,"column":0},"end":{"line":34,"column":5}},"35":{"start":{"line":36,"column":0},"end":{"line":36,"column":26}},"36":{"start":{"line":37,"column":0},"end":{"line":37,"column":34}},"37":{"start":{"line":38,"column":0},"end":{"line":38,"column":45}},"38":{"start":{"line":39,"column":0},"end":{"line":39,"column":25}},"39":{"start":{"line":40,"column":0},"end":{"line":40,"column":35}},"40":{"start":{"line":41,"column":0},"end":{"line":41,"column":19}},"42":{"start":{"line":43,"column":0},"end":{"line":43,"column":30}},"43":{"start":{"line":44,"column":0},"end":{"line":44,"column":28}},"44":{"start":{"line":45,"column":0},"end":{"line":45,"column":11}},"45":{"start":{"line":46,"column":0},"end":{"line":46,"column":55}},"46":{"start":{"line":47,"column":0},"end":{"line":47,"column":29}},"47":{"start":{"line":48,"column":0},"end":{"line":48,"column":56}},"48":{"start":{"line":49,"column":0},"end":{"line":49,"column":23}},"49":{"start":{"line":50,"column":0},"end":{"line":50,"column":59}},"50":{"start":{"line":51,"column":0},"end":{"line":51,"column":30}},"51":{"start":{"line":52,"column":0},"end":{"line":52,"column":36}},"52":{"start":{"line":53,"column":0},"end":{"line":53,"column":92}},"53":{"start":{"line":54,"column":0},"end":{"line":54,"column":17}},"54":{"start":{"line":55,"column":0},"end":{"line":55,"column":9}},"55":{"start":{"line":56,"column":0},"end":{"line":56,"column":7}},"56":{"start":{"line":57,"column":0},"end":{"line":57,"column":53}},"57":{"start":{"line":58,"column":0},"end":{"line":58,"column":77}},"58":{"start":{"line":59,"column":0},"end":{"line":59,"column":45}},"59":{"start":{"line":60,"column":0},"end":{"line":60,"column":6}},"61":{"start":{"line":62,"column":0},"end":{"line":62,"column":16}},"63":{"start":{"line":64,"column":0},"end":{"line":64,"column":18}},"64":{"start":{"line":65,"column":0},"end":{"line":65,"column":23}},"65":{"start":{"line":66,"column":0},"end":{"line":66,"column":25}},"66":{"start":{"line":67,"column":0},"end":{"line":67,"column":44}},"67":{"start":{"line":68,"column":0},"end":{"line":68,"column":6}},"68":{"start":{"line":69,"column":0},"end":{"line":69,"column":23}},"70":{"start":{"line":71,"column":0},"end":{"line":71,"column":33}},"71":{"start":{"line":72,"column":0},"end":{"line":72,"column":1}}},"s":{"0":1,"4":1,"15":1,"16":32,"17":32,"18":32,"19":32,"21":32,"22":55,"23":55,"24":49,"25":49,"26":32,"28":32,"29":9,"30":4,"31":4,"32":4,"33":4,"35":5,"36":5,"37":5,"38":5,"39":5,"40":5,"42":5,"43":55,"44":55,"45":55,"46":49,"47":55,"48":55,"49":6,"50":6,"51":6,"52":1,"53":1,"54":1,"55":6,"56":52,"57":55,"58":55,"59":55,"61":5,"63":5,"64":5,"65":5,"66":5,"67":5,"68":32,"70":32,"71":32},"branchMap":{"0":{"type":"branch","line":16,"loc":{"start":{"line":16,"column":7},"end":{"line":72,"column":1}},"locations":[{"start":{"line":16,"column":7},"end":{"line":72,"column":1}}]},"1":{"type":"branch","line":22,"loc":{"start":{"line":22,"column":30},"end":{"line":27,"column":5}},"locations":[{"start":{"line":22,"column":30},"end":{"line":27,"column":5}}]},"2":{"type":"branch","line":23,"loc":{"start":{"line":23,"column":16},"end":{"line":23,"column":28}},"locations":[{"start":{"line":23,"column":16},"end":{"line":23,"column":28}}]},"3":{"type":"branch","line":24,"loc":{"start":{"line":24,"column":48},"end":{"line":26,"column":17}},"locations":[{"start":{"line":24,"column":48},"end":{"line":26,"column":17}}]},"4":{"type":"branch","line":29,"loc":{"start":{"line":29,"column":12},"end":{"line":69,"column":5}},"locations":[{"start":{"line":29,"column":12},"end":{"line":69,"column":5}}]},"5":{"type":"branch","line":30,"loc":{"start":{"line":30,"column":16},"end":{"line":34,"column":5}},"locations":[{"start":{"line":30,"column":16},"end":{"line":34,"column":5}}]},"6":{"type":"branch","line":34,"loc":{"start":{"line":34,"column":4},"end":{"line":68,"column":6}},"locations":[{"start":{"line":34,"column":4},"end":{"line":68,"column":6}}]},"7":{"type":"branch","line":43,"loc":{"start":{"line":43,"column":17},"end":{"line":60,"column":6}},"locations":[{"start":{"line":43,"column":17},"end":{"line":60,"column":6}}]},"8":{"type":"branch","line":44,"loc":{"start":{"line":44,"column":21},"end":{"line":44,"column":28}},"locations":[{"start":{"line":44,"column":21},"end":{"line":44,"column":28}}]},"9":{"type":"branch","line":46,"loc":{"start":{"line":46,"column":53},"end":{"line":48,"column":49}},"locations":[{"start":{"line":46,"column":53},"end":{"line":48,"column":49}}]},"10":{"type":"branch","line":48,"loc":{"start":{"line":48,"column":49},"end":{"line":48,"column":56}},"locations":[{"start":{"line":48,"column":49},"end":{"line":48,"column":56}}]},"11":{"type":"branch","line":49,"loc":{"start":{"line":49,"column":6},"end":{"line":56,"column":7}},"locations":[{"start":{"line":49,"column":6},"end":{"line":56,"column":7}}]},"12":{"type":"branch","line":50,"loc":{"start":{"line":50,"column":52},"end":{"line":50,"column":59}},"locations":[{"start":{"line":50,"column":52},"end":{"line":50,"column":59}}]},"13":{"type":"branch","line":52,"loc":{"start":{"line":52,"column":35},"end":{"line":55,"column":9}},"locations":[{"start":{"line":52,"column":35},"end":{"line":55,"column":9}}]},"14":{"type":"branch","line":53,"loc":{"start":{"line":53,"column":53},"end":{"line":53,"column":90}},"locations":[{"start":{"line":53,"column":53},"end":{"line":53,"column":90}}]},"15":{"type":"branch","line":56,"loc":{"start":{"line":56,"column":6},"end":{"line":58,"column":46}},"locations":[{"start":{"line":56,"column":6},"end":{"line":58,"column":46}}]},"16":{"type":"branch","line":56,"loc":{"start":{"line":56,"column":6},"end":{"line":58,"column":39}},"locations":[{"start":{"line":56,"column":6},"end":{"line":58,"column":39}}]},"17":{"type":"branch","line":58,"loc":{"start":{"line":58,"column":30},"end":{"line":58,"column":46}},"locations":[{"start":{"line":58,"column":30},"end":{"line":58,"column":46}}]},"18":{"type":"branch","line":58,"loc":{"start":{"line":58,"column":39},"end":{"line":58,"column":77}},"locations":[{"start":{"line":58,"column":39},"end":{"line":58,"column":77}}]},"19":{"type":"branch","line":58,"loc":{"start":{"line":58,"column":56},"end":{"line":58,"column":72}},"locations":[{"start":{"line":58,"column":56},"end":{"line":58,"column":72}}]},"20":{"type":"branch","line":58,"loc":{"start":{"line":58,"column":65},"end":{"line":58,"column":77}},"locations":[{"start":{"line":58,"column":65},"end":{"line":58,"column":77}}]},"21":{"type":"branch","line":64,"loc":{"start":{"line":64,"column":11},"end":{"line":68,"column":6}},"locations":[{"start":{"line":64,"column":11},"end":{"line":68,"column":6}}]}},"b":{"0":[32],"1":[55],"2":[0],"3":[49],"4":[9],"5":[4],"6":[5],"7":[55],"8":[0],"9":[49],"10":[2],"11":[6],"12":[0],"13":[1],"14":[0],"15":[54],"16":[52],"17":[20],"18":[32],"19":[25],"20":[7],"21":[5]},"fnMap":{"0":{"name":"useJobPolling","decl":{"start":{"line":16,"column":7},"end":{"line":72,"column":1}},"loc":{"start":{"line":16,"column":7},"end":{"line":72,"column":1}},"line":16},"1":{"name":"tick","decl":{"start":{"line":43,"column":17},"end":{"line":60,"column":6}},"loc":{"start":{"line":43,"column":17},"end":{"line":60,"column":6}},"line":43}},"f":{"0":32,"1":55}}
,"C:\\Data\\Own\\OwnProjects\\Regex\\regex-matching\\frontend\\src\\lib\\format.ts": {"path":"C:\\Data\\Own\\OwnProjects\\Regex\\regex-matching\\frontend\\src\\lib\\format.ts","all":false,"statementMap":{"1":{"start":{"line":2,"column":0},"end":{"line":2,"column":53}},"2":{"start":{"line":3,"column":0},"end":{"line":3,"column":47}},"3":{"start":{"line":4,"column":0},"end":{"line":4,"column":1}}},"s":{"1":1,"2":124,"3":124},"branchMap":{"0":{"type":"branch","line":2,"loc":{"start":{"line":2,"column":7},"end":{"line":4,"column":1}},"locations":[{"start":{"line":2,"column":7},"end":{"line":4,"column":1}}]}},"b":{"0":[124]},"fnMap":{"0":{"name":"formatNumber","decl":{"start":{"line":2,"column":7},"end":{"line":4,"column":1}},"loc":{"start":{"line":2,"column":7},"end":{"line":4,"column":1}},"line":2}},"f":{"0":124}}
}
